Warning: $HADOOP_HOME is deprecated.

DELETE FROM investors_passenger_month WHERE statDate='2014-02-01';
Warning: /usr/lib/hbase does not exist! HBase imports will fail.
Please set $HBASE_HOME to the root of your HBase installation.
Warning: /usr/lib/hcatalog does not exist! HCatalog jobs will fail.
Please set $HCAT_HOME to the root of your HCatalog installation.
Warning: $HADOOP_HOME is deprecated.

14/03/03 11:55:34 WARN tool.BaseSqoopTool: Setting your password on the command-line is insecure. Consider using -P instead.
14/03/03 11:55:34 INFO manager.MySQLManager: Preparing to use a MySQL streaming resultset.
14/03/03 11:55:34 INFO tool.CodeGenTool: Beginning code generation
14/03/03 11:55:34 INFO manager.SqlManager: Executing SQL statement: SELECT t.* FROM `investors_passenger_month` AS t LIMIT 1
14/03/03 11:55:34 INFO manager.SqlManager: Executing SQL statement: SELECT t.* FROM `investors_passenger_month` AS t LIMIT 1
14/03/03 11:55:34 INFO orm.CompilationManager: HADOOP_MAPRED_HOME is /home/xiaoju/hadoop-1.0.4
Note: /tmp/sqoop-xiaoju/compile/f12b232f9acf05b8de5bad3ef8f3f312/investors_passenger_month.java uses or overrides a deprecated API.
Note: Recompile with -Xlint:deprecation for details.
14/03/03 11:55:35 INFO orm.CompilationManager: Writing jar file: /tmp/sqoop-xiaoju/compile/f12b232f9acf05b8de5bad3ef8f3f312/investors_passenger_month.jar
14/03/03 11:55:35 INFO mapreduce.ExportJobBase: Beginning export of investors_passenger_month
14/03/03 11:55:36 INFO input.FileInputFormat: Total input paths to process : 1
14/03/03 11:55:36 INFO input.FileInputFormat: Total input paths to process : 1
14/03/03 11:55:36 INFO util.NativeCodeLoader: Loaded the native-hadoop library
14/03/03 11:55:36 WARN snappy.LoadSnappy: Snappy native library not loaded
14/03/03 11:55:36 INFO mapred.JobClient: Running job: job_201402101551_20933
14/03/03 11:55:37 INFO mapred.JobClient:  map 0% reduce 0%
14/03/03 11:55:50 INFO mapred.JobClient:  map 50% reduce 0%
14/03/03 11:55:51 INFO mapred.JobClient:  map 100% reduce 0%
14/03/03 11:55:56 INFO mapred.JobClient: Job complete: job_201402101551_20933
14/03/03 11:55:56 INFO mapred.JobClient: Counters: 18
14/03/03 11:55:56 INFO mapred.JobClient:   Job Counters 
14/03/03 11:55:56 INFO mapred.JobClient:     SLOTS_MILLIS_MAPS=24309
14/03/03 11:55:56 INFO mapred.JobClient:     Total time spent by all reduces waiting after reserving slots (ms)=0
14/03/03 11:55:56 INFO mapred.JobClient:     Total time spent by all maps waiting after reserving slots (ms)=0
14/03/03 11:55:56 INFO mapred.JobClient:     Rack-local map tasks=4
14/03/03 11:55:56 INFO mapred.JobClient:     Launched map tasks=4
14/03/03 11:55:56 INFO mapred.JobClient:     SLOTS_MILLIS_REDUCES=0
14/03/03 11:55:56 INFO mapred.JobClient:   File Output Format Counters 
14/03/03 11:55:56 INFO mapred.JobClient:     Bytes Written=0
14/03/03 11:55:56 INFO mapred.JobClient:   FileSystemCounters
14/03/03 11:55:56 INFO mapred.JobClient:     HDFS_BYTES_READ=14967
14/03/03 11:55:56 INFO mapred.JobClient:     FILE_BYTES_WRITTEN=127100
14/03/03 11:55:56 INFO mapred.JobClient:   File Input Format Counters 
14/03/03 11:55:56 INFO mapred.JobClient:     Bytes Read=0
14/03/03 11:55:56 INFO mapred.JobClient:   Map-Reduce Framework
14/03/03 11:55:56 INFO mapred.JobClient:     Map input records=99
14/03/03 11:55:56 INFO mapred.JobClient:     Physical memory (bytes) snapshot=612024320
14/03/03 11:55:56 INFO mapred.JobClient:     Spilled Records=0
14/03/03 11:55:56 INFO mapred.JobClient:     CPU time spent (ms)=3140
14/03/03 11:55:56 INFO mapred.JobClient:     Total committed heap usage (bytes)=4043571200
14/03/03 11:55:56 INFO mapred.JobClient:     Virtual memory (bytes) snapshot=7544066048
14/03/03 11:55:56 INFO mapred.JobClient:     Map output records=99
14/03/03 11:55:56 INFO mapred.JobClient:     SPLIT_RAW_BYTES=668
14/03/03 11:55:56 INFO mapreduce.ExportJobBase: Transferred 14.6162 KB in 20.5959 seconds (726.6968 bytes/sec)
14/03/03 11:55:56 INFO mapreduce.ExportJobBase: Exported 99 records.
Warning: $HADOOP_HOME is deprecated.

DELETE FROM investor_order_month WHERE statDate='2014-02-01';
Warning: /usr/lib/hbase does not exist! HBase imports will fail.
Please set $HBASE_HOME to the root of your HBase installation.
Warning: /usr/lib/hcatalog does not exist! HCatalog jobs will fail.
Please set $HCAT_HOME to the root of your HCatalog installation.
Warning: $HADOOP_HOME is deprecated.

14/03/03 11:55:57 WARN tool.BaseSqoopTool: Setting your password on the command-line is insecure. Consider using -P instead.
14/03/03 11:55:57 INFO manager.MySQLManager: Preparing to use a MySQL streaming resultset.
14/03/03 11:55:57 INFO tool.CodeGenTool: Beginning code generation
14/03/03 11:55:57 INFO manager.SqlManager: Executing SQL statement: SELECT t.* FROM `investor_order_month` AS t LIMIT 1
14/03/03 11:55:57 INFO manager.SqlManager: Executing SQL statement: SELECT t.* FROM `investor_order_month` AS t LIMIT 1
14/03/03 11:55:57 INFO orm.CompilationManager: HADOOP_MAPRED_HOME is /home/xiaoju/hadoop-1.0.4
Note: /tmp/sqoop-xiaoju/compile/e9234fa2340c1feac4ba792053fb229c/investor_order_month.java uses or overrides a deprecated API.
Note: Recompile with -Xlint:deprecation for details.
14/03/03 11:55:58 INFO orm.CompilationManager: Writing jar file: /tmp/sqoop-xiaoju/compile/e9234fa2340c1feac4ba792053fb229c/investor_order_month.jar
14/03/03 11:55:58 INFO mapreduce.ExportJobBase: Beginning export of investor_order_month
14/03/03 11:55:59 INFO input.FileInputFormat: Total input paths to process : 15
14/03/03 11:55:59 INFO input.FileInputFormat: Total input paths to process : 15
14/03/03 11:55:59 INFO util.NativeCodeLoader: Loaded the native-hadoop library
14/03/03 11:55:59 WARN snappy.LoadSnappy: Snappy native library not loaded
14/03/03 11:55:59 INFO mapred.JobClient: Running job: job_201402101551_20934
14/03/03 11:56:00 INFO mapred.JobClient:  map 0% reduce 0%
14/03/03 11:56:13 INFO mapred.JobClient:  map 25% reduce 0%
14/03/03 11:56:14 INFO mapred.JobClient:  map 100% reduce 0%
14/03/03 11:56:19 INFO mapred.JobClient: Job complete: job_201402101551_20934
14/03/03 11:56:19 INFO mapred.JobClient: Counters: 19
14/03/03 11:56:19 INFO mapred.JobClient:   Job Counters 
14/03/03 11:56:19 INFO mapred.JobClient:     SLOTS_MILLIS_MAPS=24605
14/03/03 11:56:19 INFO mapred.JobClient:     Total time spent by all reduces waiting after reserving slots (ms)=0
14/03/03 11:56:19 INFO mapred.JobClient:     Total time spent by all maps waiting after reserving slots (ms)=0
14/03/03 11:56:19 INFO mapred.JobClient:     Rack-local map tasks=2
14/03/03 11:56:19 INFO mapred.JobClient:     Launched map tasks=4
14/03/03 11:56:19 INFO mapred.JobClient:     Data-local map tasks=1
14/03/03 11:56:19 INFO mapred.JobClient:     SLOTS_MILLIS_REDUCES=0
14/03/03 11:56:19 INFO mapred.JobClient:   File Output Format Counters 
14/03/03 11:56:19 INFO mapred.JobClient:     Bytes Written=0
14/03/03 11:56:19 INFO mapred.JobClient:   FileSystemCounters
14/03/03 11:56:19 INFO mapred.JobClient:     HDFS_BYTES_READ=10506
14/03/03 11:56:19 INFO mapred.JobClient:     FILE_BYTES_WRITTEN=126887
14/03/03 11:56:19 INFO mapred.JobClient:   File Input Format Counters 
14/03/03 11:56:19 INFO mapred.JobClient:     Bytes Read=0
14/03/03 11:56:19 INFO mapred.JobClient:   Map-Reduce Framework
14/03/03 11:56:19 INFO mapred.JobClient:     Map input records=99
14/03/03 11:56:19 INFO mapred.JobClient:     Physical memory (bytes) snapshot=610951168
14/03/03 11:56:19 INFO mapred.JobClient:     Spilled Records=0
14/03/03 11:56:19 INFO mapred.JobClient:     CPU time spent (ms)=3140
14/03/03 11:56:19 INFO mapred.JobClient:     Total committed heap usage (bytes)=4043571200
14/03/03 11:56:19 INFO mapred.JobClient:     Virtual memory (bytes) snapshot=7544352768
14/03/03 11:56:19 INFO mapred.JobClient:     Map output records=99
14/03/03 11:56:19 INFO mapred.JobClient:     SPLIT_RAW_BYTES=1726
14/03/03 11:56:19 INFO mapreduce.ExportJobBase: Transferred 10.2598 KB in 20.5928 seconds (510.1771 bytes/sec)
14/03/03 11:56:19 INFO mapreduce.ExportJobBase: Exported 99 records.
Warning: $HADOOP_HOME is deprecated.

DELETE FROM investor_ordersrc_month WHERE statDate='2014-02-01';
Warning: /usr/lib/hbase does not exist! HBase imports will fail.
Please set $HBASE_HOME to the root of your HBase installation.
Warning: /usr/lib/hcatalog does not exist! HCatalog jobs will fail.
Please set $HCAT_HOME to the root of your HCatalog installation.
Warning: $HADOOP_HOME is deprecated.

14/03/03 11:56:20 WARN tool.BaseSqoopTool: Setting your password on the command-line is insecure. Consider using -P instead.
14/03/03 11:56:20 INFO manager.MySQLManager: Preparing to use a MySQL streaming resultset.
14/03/03 11:56:20 INFO tool.CodeGenTool: Beginning code generation
14/03/03 11:56:20 INFO manager.SqlManager: Executing SQL statement: SELECT t.* FROM `investor_ordersrc_month` AS t LIMIT 1
14/03/03 11:56:20 INFO manager.SqlManager: Executing SQL statement: SELECT t.* FROM `investor_ordersrc_month` AS t LIMIT 1
14/03/03 11:56:21 INFO orm.CompilationManager: HADOOP_MAPRED_HOME is /home/xiaoju/hadoop-1.0.4
Note: /tmp/sqoop-xiaoju/compile/f75ba6156346bc06786fe573ef2b17f1/investor_ordersrc_month.java uses or overrides a deprecated API.
Note: Recompile with -Xlint:deprecation for details.
14/03/03 11:56:21 INFO orm.CompilationManager: Writing jar file: /tmp/sqoop-xiaoju/compile/f75ba6156346bc06786fe573ef2b17f1/investor_ordersrc_month.jar
14/03/03 11:56:21 INFO mapreduce.ExportJobBase: Beginning export of investor_ordersrc_month
14/03/03 11:56:22 INFO input.FileInputFormat: Total input paths to process : 1
14/03/03 11:56:22 INFO input.FileInputFormat: Total input paths to process : 1
14/03/03 11:56:22 INFO util.NativeCodeLoader: Loaded the native-hadoop library
14/03/03 11:56:22 WARN snappy.LoadSnappy: Snappy native library not loaded
14/03/03 11:56:22 INFO mapred.JobClient: Running job: job_201402101551_20936
14/03/03 11:56:23 INFO mapred.JobClient:  map 0% reduce 0%
14/03/03 11:56:37 INFO mapred.JobClient:  map 100% reduce 0%
14/03/03 11:56:42 INFO mapred.JobClient: Job complete: job_201402101551_20936
14/03/03 11:56:42 INFO mapred.JobClient: Counters: 18
14/03/03 11:56:42 INFO mapred.JobClient:   Job Counters 
14/03/03 11:56:42 INFO mapred.JobClient:     SLOTS_MILLIS_MAPS=21125
14/03/03 11:56:42 INFO mapred.JobClient:     Total time spent by all reduces waiting after reserving slots (ms)=0
14/03/03 11:56:42 INFO mapred.JobClient:     Total time spent by all maps waiting after reserving slots (ms)=0
14/03/03 11:56:42 INFO mapred.JobClient:     Rack-local map tasks=4
14/03/03 11:56:42 INFO mapred.JobClient:     Launched map tasks=4
14/03/03 11:56:42 INFO mapred.JobClient:     SLOTS_MILLIS_REDUCES=4137
14/03/03 11:56:42 INFO mapred.JobClient:   File Output Format Counters 
14/03/03 11:56:42 INFO mapred.JobClient:     Bytes Written=0
14/03/03 11:56:42 INFO mapred.JobClient:   FileSystemCounters
14/03/03 11:56:42 INFO mapred.JobClient:     HDFS_BYTES_READ=16236
14/03/03 11:56:42 INFO mapred.JobClient:     FILE_BYTES_WRITTEN=126944
14/03/03 11:56:42 INFO mapred.JobClient:   File Input Format Counters 
14/03/03 11:56:42 INFO mapred.JobClient:     Bytes Read=0
14/03/03 11:56:42 INFO mapred.JobClient:   Map-Reduce Framework
14/03/03 11:56:42 INFO mapred.JobClient:     Map input records=99
14/03/03 11:56:42 INFO mapred.JobClient:     Physical memory (bytes) snapshot=618266624
14/03/03 11:56:42 INFO mapred.JobClient:     Spilled Records=0
14/03/03 11:56:42 INFO mapred.JobClient:     CPU time spent (ms)=3330
14/03/03 11:56:42 INFO mapred.JobClient:     Total committed heap usage (bytes)=4043571200
14/03/03 11:56:42 INFO mapred.JobClient:     Virtual memory (bytes) snapshot=7541956608
14/03/03 11:56:42 INFO mapred.JobClient:     Map output records=99
14/03/03 11:56:42 INFO mapred.JobClient:     SPLIT_RAW_BYTES=761
14/03/03 11:56:42 INFO mapreduce.ExportJobBase: Transferred 15.8555 KB in 20.8118 seconds (780.1332 bytes/sec)
14/03/03 11:56:42 INFO mapreduce.ExportJobBase: Exported 99 records.
Warning: $HADOOP_HOME is deprecated.

DELETE FROM driveractivedata WHERE statDate='2014-02-01';
Warning: /usr/lib/hbase does not exist! HBase imports will fail.
Please set $HBASE_HOME to the root of your HBase installation.
Warning: /usr/lib/hcatalog does not exist! HCatalog jobs will fail.
Please set $HCAT_HOME to the root of your HCatalog installation.
Warning: $HADOOP_HOME is deprecated.

14/03/03 11:56:44 WARN tool.BaseSqoopTool: Setting your password on the command-line is insecure. Consider using -P instead.
14/03/03 11:56:44 INFO manager.MySQLManager: Preparing to use a MySQL streaming resultset.
14/03/03 11:56:44 INFO tool.CodeGenTool: Beginning code generation
14/03/03 11:56:44 INFO manager.SqlManager: Executing SQL statement: SELECT t.* FROM `driveractivedata` AS t LIMIT 1
14/03/03 11:56:44 INFO manager.SqlManager: Executing SQL statement: SELECT t.* FROM `driveractivedata` AS t LIMIT 1
14/03/03 11:56:44 INFO orm.CompilationManager: HADOOP_MAPRED_HOME is /home/xiaoju/hadoop-1.0.4
Note: /tmp/sqoop-xiaoju/compile/d16f3270db10cece06ebc796c0805ed7/driveractivedata.java uses or overrides a deprecated API.
Note: Recompile with -Xlint:deprecation for details.
14/03/03 11:56:45 INFO orm.CompilationManager: Writing jar file: /tmp/sqoop-xiaoju/compile/d16f3270db10cece06ebc796c0805ed7/driveractivedata.jar
14/03/03 11:56:45 INFO mapreduce.ExportJobBase: Beginning export of driveractivedata
14/03/03 11:56:46 INFO input.FileInputFormat: Total input paths to process : 1
14/03/03 11:56:46 INFO input.FileInputFormat: Total input paths to process : 1
14/03/03 11:56:46 INFO util.NativeCodeLoader: Loaded the native-hadoop library
14/03/03 11:56:46 WARN snappy.LoadSnappy: Snappy native library not loaded
14/03/03 11:56:46 INFO mapred.JobClient: Running job: job_201402101551_20937
14/03/03 11:56:47 INFO mapred.JobClient:  map 0% reduce 0%
14/03/03 11:57:00 INFO mapred.JobClient:  map 50% reduce 0%
14/03/03 11:57:01 INFO mapred.JobClient:  map 75% reduce 0%
14/03/03 11:57:02 INFO mapred.JobClient:  map 100% reduce 0%
14/03/03 11:57:07 INFO mapred.JobClient: Job complete: job_201402101551_20937
14/03/03 11:57:07 INFO mapred.JobClient: Counters: 19
14/03/03 11:57:07 INFO mapred.JobClient:   Job Counters 
14/03/03 11:57:07 INFO mapred.JobClient:     SLOTS_MILLIS_MAPS=24513
14/03/03 11:57:07 INFO mapred.JobClient:     Total time spent by all reduces waiting after reserving slots (ms)=0
14/03/03 11:57:07 INFO mapred.JobClient:     Total time spent by all maps waiting after reserving slots (ms)=0
14/03/03 11:57:07 INFO mapred.JobClient:     Rack-local map tasks=3
14/03/03 11:57:07 INFO mapred.JobClient:     Launched map tasks=4
14/03/03 11:57:07 INFO mapred.JobClient:     Data-local map tasks=1
14/03/03 11:57:07 INFO mapred.JobClient:     SLOTS_MILLIS_REDUCES=0
14/03/03 11:57:07 INFO mapred.JobClient:   File Output Format Counters 
14/03/03 11:57:07 INFO mapred.JobClient:     Bytes Written=0
14/03/03 11:57:07 INFO mapred.JobClient:   FileSystemCounters
14/03/03 11:57:07 INFO mapred.JobClient:     HDFS_BYTES_READ=16261
14/03/03 11:57:07 INFO mapred.JobClient:     FILE_BYTES_WRITTEN=127298
14/03/03 11:57:07 INFO mapred.JobClient:   File Input Format Counters 
14/03/03 11:57:07 INFO mapred.JobClient:     Bytes Read=0
14/03/03 11:57:07 INFO mapred.JobClient:   Map-Reduce Framework
14/03/03 11:57:07 INFO mapred.JobClient:     Map input records=98
14/03/03 11:57:07 INFO mapred.JobClient:     Physical memory (bytes) snapshot=607309824
14/03/03 11:57:07 INFO mapred.JobClient:     Spilled Records=0
14/03/03 11:57:07 INFO mapred.JobClient:     CPU time spent (ms)=3140
14/03/03 11:57:07 INFO mapred.JobClient:     Total committed heap usage (bytes)=4043571200
14/03/03 11:57:07 INFO mapred.JobClient:     Virtual memory (bytes) snapshot=7543300096
14/03/03 11:57:07 INFO mapred.JobClient:     Map output records=98
14/03/03 11:57:07 INFO mapred.JobClient:     SPLIT_RAW_BYTES=726
14/03/03 11:57:07 INFO mapreduce.ExportJobBase: Transferred 15.8799 KB in 21.6871 seconds (749.8014 bytes/sec)
14/03/03 11:57:07 INFO mapreduce.ExportJobBase: Exported 98 records.
