Warning: $HADOOP_HOME is deprecated.

Cannot find /user/xiaoju/data/bi/app/driverrecommend/2014/03/12/_SUCCESS
Warning: $HADOOP_HOME is deprecated.

Cannot find /user/xiaoju/data/bi/app/passengercall/2014/03/12/_SUCCESS
Warning: $HADOOP_HOME is deprecated.

DELETE FROM wx_money_pay WHERE statDate='2014-03-12';
Warning: /usr/lib/hbase does not exist! HBase imports will fail.
Please set $HBASE_HOME to the root of your HBase installation.
Warning: /usr/lib/hcatalog does not exist! HCatalog jobs will fail.
Please set $HCAT_HOME to the root of your HCatalog installation.
Warning: $HADOOP_HOME is deprecated.

14/03/13 09:35:04 WARN tool.BaseSqoopTool: Setting your password on the command-line is insecure. Consider using -P instead.
14/03/13 09:35:04 INFO manager.MySQLManager: Preparing to use a MySQL streaming resultset.
14/03/13 09:35:04 INFO tool.CodeGenTool: Beginning code generation
14/03/13 09:35:04 INFO manager.SqlManager: Executing SQL statement: SELECT t.* FROM `wx_money_pay` AS t LIMIT 1
14/03/13 09:35:04 INFO manager.SqlManager: Executing SQL statement: SELECT t.* FROM `wx_money_pay` AS t LIMIT 1
14/03/13 09:35:04 INFO orm.CompilationManager: HADOOP_MAPRED_HOME is /home/xiaoju/hadoop-1.0.4
Note: /tmp/sqoop-xiaoju/compile/0e7188547f5d374a34ab1379a4b775ef/wx_money_pay.java uses or overrides a deprecated API.
Note: Recompile with -Xlint:deprecation for details.
14/03/13 09:35:05 INFO orm.CompilationManager: Writing jar file: /tmp/sqoop-xiaoju/compile/0e7188547f5d374a34ab1379a4b775ef/wx_money_pay.jar
14/03/13 09:35:05 INFO mapreduce.ExportJobBase: Beginning export of wx_money_pay
14/03/13 09:35:05 WARN mapreduce.ExportJobBase: IOException checking input file header: java.io.EOFException
14/03/13 09:35:06 INFO input.FileInputFormat: Total input paths to process : 1
14/03/13 09:35:06 INFO input.FileInputFormat: Total input paths to process : 1
14/03/13 09:35:06 INFO util.NativeCodeLoader: Loaded the native-hadoop library
14/03/13 09:35:06 WARN snappy.LoadSnappy: Snappy native library not loaded
14/03/13 09:35:06 INFO mapred.JobClient: Running job: job_201403051733_6091
14/03/13 09:35:07 INFO mapred.JobClient:  map 0% reduce 0%
14/03/13 09:35:21 INFO mapred.JobClient:  map 100% reduce 0%
14/03/13 09:35:26 INFO mapred.JobClient: Job complete: job_201403051733_6091
14/03/13 09:35:26 INFO mapred.JobClient: Counters: 17
14/03/13 09:35:26 INFO mapred.JobClient:   Job Counters 
14/03/13 09:35:26 INFO mapred.JobClient:     SLOTS_MILLIS_MAPS=13379
14/03/13 09:35:26 INFO mapred.JobClient:     Total time spent by all reduces waiting after reserving slots (ms)=0
14/03/13 09:35:26 INFO mapred.JobClient:     Total time spent by all maps waiting after reserving slots (ms)=0
14/03/13 09:35:26 INFO mapred.JobClient:     Launched map tasks=1
14/03/13 09:35:26 INFO mapred.JobClient:     SLOTS_MILLIS_REDUCES=0
14/03/13 09:35:26 INFO mapred.JobClient:   File Output Format Counters 
14/03/13 09:35:26 INFO mapred.JobClient:     Bytes Written=0
14/03/13 09:35:26 INFO mapred.JobClient:   FileSystemCounters
14/03/13 09:35:26 INFO mapred.JobClient:     HDFS_BYTES_READ=157
14/03/13 09:35:26 INFO mapred.JobClient:     FILE_BYTES_WRITTEN=31531
14/03/13 09:35:26 INFO mapred.JobClient:   File Input Format Counters 
14/03/13 09:35:26 INFO mapred.JobClient:     Bytes Read=0
14/03/13 09:35:26 INFO mapred.JobClient:   Map-Reduce Framework
14/03/13 09:35:26 INFO mapred.JobClient:     Map input records=0
14/03/13 09:35:26 INFO mapred.JobClient:     Physical memory (bytes) snapshot=153600000
14/03/13 09:35:26 INFO mapred.JobClient:     Spilled Records=0
14/03/13 09:35:26 INFO mapred.JobClient:     CPU time spent (ms)=2020
14/03/13 09:35:26 INFO mapred.JobClient:     Total committed heap usage (bytes)=1010892800
14/03/13 09:35:26 INFO mapred.JobClient:     Virtual memory (bytes) snapshot=1885454336
14/03/13 09:35:26 INFO mapred.JobClient:     Map output records=0
14/03/13 09:35:26 INFO mapred.JobClient:     SPLIT_RAW_BYTES=157
14/03/13 09:35:26 INFO mapreduce.ExportJobBase: Transferred 157 bytes in 20.9959 seconds (7.4776 bytes/sec)
14/03/13 09:35:26 INFO mapreduce.ExportJobBase: Exported 0 records.
Warning: $HADOOP_HOME is deprecated.

Cannot find /user/xiaoju/data/bi/app/orderpre/2014/03/12/_SUCCESS
Warning: $HADOOP_HOME is deprecated.

Cannot find /user/xiaoju/data/bi/app/driverbdregthreeweek/2014/03/12/_SUCCESS
Warning: $HADOOP_HOME is deprecated.

Cannot find /user/xiaoju/data/bi/app/driverregperiod3weeks/2014/03/12/_SUCCESS
Warning: $HADOOP_HOME is deprecated.

Cannot find /user/xiaoju/data/bi/app/orderday/2014/03/12/_SUCCESS
Warning: $HADOOP_HOME is deprecated.

Cannot find /user/xiaoju/data/bi/app/mis_order/2014/03/12/_SUCCESS
Warning: $HADOOP_HOME is deprecated.

Cannot find /user/xiaoju/data/bi/app/ordertext/2014/03/12/_SUCCESS
Warning: $HADOOP_HOME is deprecated.

Cannot find /user/xiaoju/data/bi/app/wechat_senditem_total/2014/03/12/_SUCCESS
Warning: $HADOOP_HOME is deprecated.

Cannot find /user/xiaoju/data/bi/app/wx_usebalance_data/2014/03/12/_SUCCESS
Warning: $HADOOP_HOME is deprecated.

Cannot find /user/xiaoju/data/bi/app/wechat_robenvelope_statistical/2014/03/12/_SUCCESS
Warning: $HADOOP_HOME is deprecated.

Cannot find /user/xiaoju/data/bi/app/passengercallmonth/2014/03/12/_SUCCESS
Warning: $HADOOP_HOME is deprecated.

Cannot find /user/xiaoju/data/bi/app/passengerreg/2014/03/12/_SUCCESS
Warning: $HADOOP_HOME is deprecated.

Cannot find /user/xiaoju/data/bi/app/newdrivercheckdata/2014/03/12/_SUCCESS
Warning: $HADOOP_HOME is deprecated.

Cannot find /user/xiaoju/data/bi/app/recommended_passenger/2014/03/12/_SUCCESS
Warning: $HADOOP_HOME is deprecated.

Cannot find /user/xiaoju/data/bi/app/driverapprovedthreeweeks/2014/03/12/_SUCCESS
Warning: $HADOOP_HOME is deprecated.

Cannot find /user/xiaoju/data/bi/app/passengerregandcall/2014/03/12/_SUCCESS
Warning: $HADOOP_HOME is deprecated.

Cannot find /user/xiaoju/data/bi/app/passengercallfirst/2014/03/12/_SUCCESS
Warning: $HADOOP_HOME is deprecated.

Cannot find /user/xiaoju/data/bi/app/driverretentionrates/2014/03/12/_SUCCESS
Warning: $HADOOP_HOME is deprecated.

DELETE FROM wx_lj WHERE statDate='2014-03-12';
Warning: /usr/lib/hbase does not exist! HBase imports will fail.
Please set $HBASE_HOME to the root of your HBase installation.
Warning: /usr/lib/hcatalog does not exist! HCatalog jobs will fail.
Please set $HCAT_HOME to the root of your HCatalog installation.
Warning: $HADOOP_HOME is deprecated.

14/03/13 09:35:40 WARN tool.BaseSqoopTool: Setting your password on the command-line is insecure. Consider using -P instead.
14/03/13 09:35:40 INFO manager.MySQLManager: Preparing to use a MySQL streaming resultset.
14/03/13 09:35:40 INFO tool.CodeGenTool: Beginning code generation
14/03/13 09:35:40 INFO manager.SqlManager: Executing SQL statement: SELECT t.* FROM `wx_lj` AS t LIMIT 1
14/03/13 09:35:40 INFO manager.SqlManager: Executing SQL statement: SELECT t.* FROM `wx_lj` AS t LIMIT 1
14/03/13 09:35:40 INFO orm.CompilationManager: HADOOP_MAPRED_HOME is /home/xiaoju/hadoop-1.0.4
Note: /tmp/sqoop-xiaoju/compile/0aa2066b061616fab100159b820b4ade/wx_lj.java uses or overrides a deprecated API.
Note: Recompile with -Xlint:deprecation for details.
14/03/13 09:35:41 INFO orm.CompilationManager: Writing jar file: /tmp/sqoop-xiaoju/compile/0aa2066b061616fab100159b820b4ade/wx_lj.jar
14/03/13 09:35:41 INFO mapreduce.ExportJobBase: Beginning export of wx_lj
14/03/13 09:35:42 INFO input.FileInputFormat: Total input paths to process : 1
14/03/13 09:35:42 INFO input.FileInputFormat: Total input paths to process : 1
14/03/13 09:35:42 INFO util.NativeCodeLoader: Loaded the native-hadoop library
14/03/13 09:35:42 WARN snappy.LoadSnappy: Snappy native library not loaded
14/03/13 09:35:42 INFO mapred.JobClient: Running job: job_201403051733_6092
14/03/13 09:35:43 INFO mapred.JobClient:  map 0% reduce 0%
14/03/13 09:35:56 INFO mapred.JobClient:  map 25% reduce 0%
14/03/13 09:35:58 INFO mapred.JobClient:  map 100% reduce 0%
14/03/13 09:36:03 INFO mapred.JobClient: Job complete: job_201403051733_6092
14/03/13 09:36:03 INFO mapred.JobClient: Counters: 18
14/03/13 09:36:03 INFO mapred.JobClient:   Job Counters 
14/03/13 09:36:03 INFO mapred.JobClient:     SLOTS_MILLIS_MAPS=26376
14/03/13 09:36:03 INFO mapred.JobClient:     Total time spent by all reduces waiting after reserving slots (ms)=0
14/03/13 09:36:03 INFO mapred.JobClient:     Total time spent by all maps waiting after reserving slots (ms)=0
14/03/13 09:36:03 INFO mapred.JobClient:     Rack-local map tasks=4
14/03/13 09:36:03 INFO mapred.JobClient:     Launched map tasks=4
14/03/13 09:36:03 INFO mapred.JobClient:     SLOTS_MILLIS_REDUCES=0
14/03/13 09:36:03 INFO mapred.JobClient:   File Output Format Counters 
14/03/13 09:36:03 INFO mapred.JobClient:     Bytes Written=0
14/03/13 09:36:03 INFO mapred.JobClient:   FileSystemCounters
14/03/13 09:36:03 INFO mapred.JobClient:     HDFS_BYTES_READ=17526
14/03/13 09:36:03 INFO mapred.JobClient:     FILE_BYTES_WRITTEN=126488
14/03/13 09:36:03 INFO mapred.JobClient:   File Input Format Counters 
14/03/13 09:36:03 INFO mapred.JobClient:     Bytes Read=0
14/03/13 09:36:03 INFO mapred.JobClient:   Map-Reduce Framework
14/03/13 09:36:03 INFO mapred.JobClient:     Map input records=121
14/03/13 09:36:03 INFO mapred.JobClient:     Physical memory (bytes) snapshot=589946880
14/03/13 09:36:03 INFO mapred.JobClient:     Spilled Records=0
14/03/13 09:36:03 INFO mapred.JobClient:     CPU time spent (ms)=4900
14/03/13 09:36:03 INFO mapred.JobClient:     Total committed heap usage (bytes)=4043571200
14/03/13 09:36:03 INFO mapred.JobClient:     Virtual memory (bytes) snapshot=7543435264
14/03/13 09:36:03 INFO mapred.JobClient:     Map output records=121
14/03/13 09:36:03 INFO mapred.JobClient:     SPLIT_RAW_BYTES=686
14/03/13 09:36:03 INFO mapreduce.ExportJobBase: Transferred 17.1152 KB in 21.6077 seconds (811.1001 bytes/sec)
14/03/13 09:36:03 INFO mapreduce.ExportJobBase: Exported 121 records.
Warning: $HADOOP_HOME is deprecated.

Cannot find /user/xiaoju/data/bi/app/passenger_needdata/2014/03/12/_SUCCESS
Warning: $HADOOP_HOME is deprecated.

Cannot find /user/xiaoju/data/bi/app/driverweek/2014/03/12/_SUCCESS
Warning: $HADOOP_HOME is deprecated.

Cannot find /user/xiaoju/data/bi/app/driverregperiod3weeksand3months/2014/03/12/_SUCCESS
Warning: $HADOOP_HOME is deprecated.

Cannot find /user/xiaoju/data/bi/app/driverregperiodbefore6months/2014/03/12/_SUCCESS
Warning: $HADOOP_HOME is deprecated.

Cannot find /user/xiaoju/data/bi/app/webapp_wechathistory/2014/03/12/_SUCCESS
Warning: $HADOOP_HOME is deprecated.

Cannot find /user/xiaoju/data/bi/app/driveronlineday/2014/03/12/_SUCCESS
Warning: $HADOOP_HOME is deprecated.

Cannot find /user/xiaoju/data/bi/app/drivernewoneday/2014/03/12/_SUCCESS
Warning: $HADOOP_HOME is deprecated.

Cannot find /user/xiaoju/data/bi/app/passengercallhistory/2014/03/12/_SUCCESS
Warning: $HADOOP_HOME is deprecated.

DELETE FROM wx_money_data WHERE statDate='2014-03-12';
Warning: /usr/lib/hbase does not exist! HBase imports will fail.
Please set $HBASE_HOME to the root of your HBase installation.
Warning: /usr/lib/hcatalog does not exist! HCatalog jobs will fail.
Please set $HCAT_HOME to the root of your HCatalog installation.
Warning: $HADOOP_HOME is deprecated.

14/03/13 09:36:10 WARN tool.BaseSqoopTool: Setting your password on the command-line is insecure. Consider using -P instead.
14/03/13 09:36:10 INFO manager.MySQLManager: Preparing to use a MySQL streaming resultset.
14/03/13 09:36:10 INFO tool.CodeGenTool: Beginning code generation
14/03/13 09:36:10 INFO manager.SqlManager: Executing SQL statement: SELECT t.* FROM `wx_money_data` AS t LIMIT 1
14/03/13 09:36:11 INFO manager.SqlManager: Executing SQL statement: SELECT t.* FROM `wx_money_data` AS t LIMIT 1
14/03/13 09:36:11 INFO orm.CompilationManager: HADOOP_MAPRED_HOME is /home/xiaoju/hadoop-1.0.4
Note: /tmp/sqoop-xiaoju/compile/db0a16f633562aae0da8c2bd499bbec9/wx_money_data.java uses or overrides a deprecated API.
Note: Recompile with -Xlint:deprecation for details.
14/03/13 09:36:12 INFO orm.CompilationManager: Writing jar file: /tmp/sqoop-xiaoju/compile/db0a16f633562aae0da8c2bd499bbec9/wx_money_data.jar
14/03/13 09:36:12 INFO mapreduce.ExportJobBase: Beginning export of wx_money_data
14/03/13 09:36:12 WARN mapreduce.ExportJobBase: IOException checking input file header: java.io.EOFException
14/03/13 09:36:13 INFO input.FileInputFormat: Total input paths to process : 1
14/03/13 09:36:13 INFO input.FileInputFormat: Total input paths to process : 1
14/03/13 09:36:13 INFO util.NativeCodeLoader: Loaded the native-hadoop library
14/03/13 09:36:13 WARN snappy.LoadSnappy: Snappy native library not loaded
14/03/13 09:36:13 INFO mapred.JobClient: Running job: job_201403051733_6093
14/03/13 09:36:14 INFO mapred.JobClient:  map 0% reduce 0%
14/03/13 09:36:28 INFO mapred.JobClient:  map 100% reduce 0%
14/03/13 09:36:33 INFO mapred.JobClient: Job complete: job_201403051733_6093
14/03/13 09:36:33 INFO mapred.JobClient: Counters: 17
14/03/13 09:36:33 INFO mapred.JobClient:   Job Counters 
14/03/13 09:36:33 INFO mapred.JobClient:     SLOTS_MILLIS_MAPS=12479
14/03/13 09:36:33 INFO mapred.JobClient:     Total time spent by all reduces waiting after reserving slots (ms)=0
14/03/13 09:36:33 INFO mapred.JobClient:     Total time spent by all maps waiting after reserving slots (ms)=0
14/03/13 09:36:33 INFO mapred.JobClient:     Launched map tasks=1
14/03/13 09:36:33 INFO mapred.JobClient:     SLOTS_MILLIS_REDUCES=0
14/03/13 09:36:33 INFO mapred.JobClient:   File Output Format Counters 
14/03/13 09:36:33 INFO mapred.JobClient:     Bytes Written=0
14/03/13 09:36:33 INFO mapred.JobClient:   FileSystemCounters
14/03/13 09:36:33 INFO mapred.JobClient:     HDFS_BYTES_READ=158
14/03/13 09:36:33 INFO mapred.JobClient:     FILE_BYTES_WRITTEN=32205
14/03/13 09:36:33 INFO mapred.JobClient:   File Input Format Counters 
14/03/13 09:36:33 INFO mapred.JobClient:     Bytes Read=0
14/03/13 09:36:33 INFO mapred.JobClient:   Map-Reduce Framework
14/03/13 09:36:33 INFO mapred.JobClient:     Map input records=0
14/03/13 09:36:33 INFO mapred.JobClient:     Physical memory (bytes) snapshot=145608704
14/03/13 09:36:33 INFO mapred.JobClient:     Spilled Records=0
14/03/13 09:36:33 INFO mapred.JobClient:     CPU time spent (ms)=1860
14/03/13 09:36:33 INFO mapred.JobClient:     Total committed heap usage (bytes)=1010892800
14/03/13 09:36:33 INFO mapred.JobClient:     Virtual memory (bytes) snapshot=1885597696
14/03/13 09:36:33 INFO mapred.JobClient:     Map output records=0
14/03/13 09:36:33 INFO mapred.JobClient:     SPLIT_RAW_BYTES=158
14/03/13 09:36:33 INFO mapreduce.ExportJobBase: Transferred 158 bytes in 21.0536 seconds (7.5046 bytes/sec)
14/03/13 09:36:33 INFO mapreduce.ExportJobBase: Exported 0 records.
Warning: $HADOOP_HOME is deprecated.

Cannot find /user/xiaoju/data/bi/app/orderreal/2014/03/12/_SUCCESS
Warning: $HADOOP_HOME is deprecated.

Cannot find /user/xiaoju/data/bi/app/driver_updateapp/2014/03/12/_SUCCESS
Warning: $HADOOP_HOME is deprecated.

Cannot find /user/xiaoju/data/bi/app/ordervoice/2014/03/12/_SUCCESS
Warning: $HADOOP_HOME is deprecated.

Cannot find /user/xiaoju/data/bi/app/ordercomplaint/2014/03/12/_SUCCESS
Warning: $HADOOP_HOME is deprecated.

Cannot find /user/xiaoju/data/bi/app/driverreg/2014/03/12/_SUCCESS
Warning: $HADOOP_HOME is deprecated.

Cannot find /user/xiaoju/data/bi/app/wechat_getenvelope/2014/03/12/_SUCCESS
Warning: $HADOOP_HOME is deprecated.

Cannot find /user/xiaoju/data/bi/app/passengernottodayreg/2014/03/12/_SUCCESS
Warning: $HADOOP_HOME is deprecated.

Cannot find /user/xiaoju/data/bi/app/drivertotalreg/2014/03/12/_SUCCESS
Warning: $HADOOP_HOME is deprecated.

Cannot find /user/xiaoju/data/bi/app/drivernewthreedays/2014/03/12/_SUCCESS
Warning: $HADOOP_HOME is deprecated.

DELETE FROM lj_passenger WHERE statDate='2014-03-12';
Warning: /usr/lib/hbase does not exist! HBase imports will fail.
Please set $HBASE_HOME to the root of your HBase installation.
Warning: /usr/lib/hcatalog does not exist! HCatalog jobs will fail.
Please set $HCAT_HOME to the root of your HCatalog installation.
Warning: $HADOOP_HOME is deprecated.

14/03/13 09:36:41 WARN tool.BaseSqoopTool: Setting your password on the command-line is insecure. Consider using -P instead.
14/03/13 09:36:41 INFO manager.MySQLManager: Preparing to use a MySQL streaming resultset.
14/03/13 09:36:41 INFO tool.CodeGenTool: Beginning code generation
14/03/13 09:36:41 INFO manager.SqlManager: Executing SQL statement: SELECT t.* FROM `lj_passenger` AS t LIMIT 1
14/03/13 09:36:41 INFO manager.SqlManager: Executing SQL statement: SELECT t.* FROM `lj_passenger` AS t LIMIT 1
14/03/13 09:36:41 INFO orm.CompilationManager: HADOOP_MAPRED_HOME is /home/xiaoju/hadoop-1.0.4
Note: /tmp/sqoop-xiaoju/compile/e7b4c2484f42944be880d1d79b6216d9/lj_passenger.java uses or overrides a deprecated API.
Note: Recompile with -Xlint:deprecation for details.
14/03/13 09:36:42 INFO orm.CompilationManager: Writing jar file: /tmp/sqoop-xiaoju/compile/e7b4c2484f42944be880d1d79b6216d9/lj_passenger.jar
14/03/13 09:36:42 INFO mapreduce.ExportJobBase: Beginning export of lj_passenger
14/03/13 09:36:43 INFO input.FileInputFormat: Total input paths to process : 1
14/03/13 09:36:43 INFO input.FileInputFormat: Total input paths to process : 1
14/03/13 09:36:43 INFO util.NativeCodeLoader: Loaded the native-hadoop library
14/03/13 09:36:43 WARN snappy.LoadSnappy: Snappy native library not loaded
14/03/13 09:36:43 INFO mapred.JobClient: Running job: job_201403051733_6094
14/03/13 09:36:44 INFO mapred.JobClient:  map 0% reduce 0%
14/03/13 09:36:58 INFO mapred.JobClient:  map 75% reduce 0%
14/03/13 09:37:02 INFO mapred.JobClient:  map 100% reduce 0%
14/03/13 09:37:07 INFO mapred.JobClient: Job complete: job_201403051733_6094
14/03/13 09:37:07 INFO mapred.JobClient: Counters: 19
14/03/13 09:37:07 INFO mapred.JobClient:   Job Counters 
14/03/13 09:37:07 INFO mapred.JobClient:     SLOTS_MILLIS_MAPS=26006
14/03/13 09:37:07 INFO mapred.JobClient:     Total time spent by all reduces waiting after reserving slots (ms)=0
14/03/13 09:37:07 INFO mapred.JobClient:     Total time spent by all maps waiting after reserving slots (ms)=0
14/03/13 09:37:07 INFO mapred.JobClient:     Rack-local map tasks=3
14/03/13 09:37:07 INFO mapred.JobClient:     Launched map tasks=4
14/03/13 09:37:07 INFO mapred.JobClient:     Data-local map tasks=1
14/03/13 09:37:07 INFO mapred.JobClient:     SLOTS_MILLIS_REDUCES=0
14/03/13 09:37:07 INFO mapred.JobClient:   File Output Format Counters 
14/03/13 09:37:07 INFO mapred.JobClient:     Bytes Written=0
14/03/13 09:37:07 INFO mapred.JobClient:   FileSystemCounters
14/03/13 09:37:07 INFO mapred.JobClient:     HDFS_BYTES_READ=16670
14/03/13 09:37:07 INFO mapred.JobClient:     FILE_BYTES_WRITTEN=126562
14/03/13 09:37:07 INFO mapred.JobClient:   File Input Format Counters 
14/03/13 09:37:07 INFO mapred.JobClient:     Bytes Read=0
14/03/13 09:37:07 INFO mapred.JobClient:   Map-Reduce Framework
14/03/13 09:37:07 INFO mapred.JobClient:     Map input records=121
14/03/13 09:37:07 INFO mapred.JobClient:     Physical memory (bytes) snapshot=602161152
14/03/13 09:37:07 INFO mapred.JobClient:     Spilled Records=0
14/03/13 09:37:07 INFO mapred.JobClient:     CPU time spent (ms)=5780
14/03/13 09:37:07 INFO mapred.JobClient:     Total committed heap usage (bytes)=4043571200
14/03/13 09:37:07 INFO mapred.JobClient:     Virtual memory (bytes) snapshot=7543156736
14/03/13 09:37:07 INFO mapred.JobClient:     Map output records=121
14/03/13 09:37:07 INFO mapred.JobClient:     SPLIT_RAW_BYTES=721
14/03/13 09:37:07 INFO mapreduce.ExportJobBase: Transferred 16.2793 KB in 24.6975 seconds (674.9671 bytes/sec)
14/03/13 09:37:07 INFO mapreduce.ExportJobBase: Exported 121 records.
Warning: $HADOOP_HOME is deprecated.

Cannot find /user/xiaoju/data/bi/app/webapp_wechat/2014/03/12/_SUCCESS
Warning: $HADOOP_HOME is deprecated.

DELETE FROM lj_driver WHERE statDate='2014-03-12';
Warning: /usr/lib/hbase does not exist! HBase imports will fail.
Please set $HBASE_HOME to the root of your HBase installation.
Warning: /usr/lib/hcatalog does not exist! HCatalog jobs will fail.
Please set $HCAT_HOME to the root of your HCatalog installation.
Warning: $HADOOP_HOME is deprecated.

14/03/13 09:37:09 WARN tool.BaseSqoopTool: Setting your password on the command-line is insecure. Consider using -P instead.
14/03/13 09:37:09 INFO manager.MySQLManager: Preparing to use a MySQL streaming resultset.
14/03/13 09:37:09 INFO tool.CodeGenTool: Beginning code generation
14/03/13 09:37:09 INFO manager.SqlManager: Executing SQL statement: SELECT t.* FROM `lj_driver` AS t LIMIT 1
14/03/13 09:37:09 INFO manager.SqlManager: Executing SQL statement: SELECT t.* FROM `lj_driver` AS t LIMIT 1
14/03/13 09:37:09 INFO orm.CompilationManager: HADOOP_MAPRED_HOME is /home/xiaoju/hadoop-1.0.4
Note: /tmp/sqoop-xiaoju/compile/69086546938fab9289b5a8481310d59a/lj_driver.java uses or overrides a deprecated API.
Note: Recompile with -Xlint:deprecation for details.
14/03/13 09:37:10 INFO orm.CompilationManager: Writing jar file: /tmp/sqoop-xiaoju/compile/69086546938fab9289b5a8481310d59a/lj_driver.jar
14/03/13 09:37:10 INFO mapreduce.ExportJobBase: Beginning export of lj_driver
14/03/13 09:37:11 INFO input.FileInputFormat: Total input paths to process : 1
14/03/13 09:37:11 INFO input.FileInputFormat: Total input paths to process : 1
14/03/13 09:37:11 INFO util.NativeCodeLoader: Loaded the native-hadoop library
14/03/13 09:37:11 WARN snappy.LoadSnappy: Snappy native library not loaded
14/03/13 09:37:11 INFO mapred.JobClient: Running job: job_201403051733_6095
14/03/13 09:37:12 INFO mapred.JobClient:  map 0% reduce 0%
14/03/13 09:37:25 INFO mapred.JobClient:  map 75% reduce 0%
14/03/13 09:37:26 INFO mapred.JobClient:  map 100% reduce 0%
14/03/13 09:37:31 INFO mapred.JobClient: Job complete: job_201403051733_6095
14/03/13 09:37:31 INFO mapred.JobClient: Counters: 18
14/03/13 09:37:31 INFO mapred.JobClient:   Job Counters 
14/03/13 09:37:31 INFO mapred.JobClient:     SLOTS_MILLIS_MAPS=24286
14/03/13 09:37:31 INFO mapred.JobClient:     Total time spent by all reduces waiting after reserving slots (ms)=0
14/03/13 09:37:31 INFO mapred.JobClient:     Total time spent by all maps waiting after reserving slots (ms)=0
14/03/13 09:37:31 INFO mapred.JobClient:     Rack-local map tasks=4
14/03/13 09:37:31 INFO mapred.JobClient:     Launched map tasks=4
14/03/13 09:37:31 INFO mapred.JobClient:     SLOTS_MILLIS_REDUCES=0
14/03/13 09:37:31 INFO mapred.JobClient:   File Output Format Counters 
14/03/13 09:37:31 INFO mapred.JobClient:     Bytes Written=0
14/03/13 09:37:31 INFO mapred.JobClient:   FileSystemCounters
14/03/13 09:37:31 INFO mapred.JobClient:     HDFS_BYTES_READ=14954
14/03/13 09:37:31 INFO mapred.JobClient:     FILE_BYTES_WRITTEN=126372
14/03/13 09:37:31 INFO mapred.JobClient:   File Input Format Counters 
14/03/13 09:37:31 INFO mapred.JobClient:     Bytes Read=0
14/03/13 09:37:31 INFO mapred.JobClient:   Map-Reduce Framework
14/03/13 09:37:31 INFO mapred.JobClient:     Map input records=149
14/03/13 09:37:31 INFO mapred.JobClient:     Physical memory (bytes) snapshot=620797952
14/03/13 09:37:31 INFO mapred.JobClient:     Spilled Records=0
14/03/13 09:37:31 INFO mapred.JobClient:     CPU time spent (ms)=3850
14/03/13 09:37:31 INFO mapred.JobClient:     Total committed heap usage (bytes)=4043571200
14/03/13 09:37:31 INFO mapred.JobClient:     Virtual memory (bytes) snapshot=7542390784
14/03/13 09:37:31 INFO mapred.JobClient:     Map output records=149
14/03/13 09:37:31 INFO mapred.JobClient:     SPLIT_RAW_BYTES=706
14/03/13 09:37:31 INFO mapreduce.ExportJobBase: Transferred 14.6035 KB in 20.7657 seconds (720.1306 bytes/sec)
14/03/13 09:37:31 INFO mapreduce.ExportJobBase: Exported 149 records.
Warning: $HADOOP_HOME is deprecated.

Cannot find /user/xiaoju/data/bi/app/bistrategy/2014/03/12/_SUCCESS
Warning: $HADOOP_HOME is deprecated.

Cannot find /user/xiaoju/data/bi/app/driverapprovedtwoweeks/2014/03/12/_SUCCESS
Warning: $HADOOP_HOME is deprecated.

Cannot find /user/xiaoju/data/bi/app/driverregonline/2014/03/12/_SUCCESS
Warning: $HADOOP_HOME is deprecated.

Cannot find /user/xiaoju/data/bi/app/passengertodayreg/2014/03/12/_SUCCESS
Warning: $HADOOP_HOME is deprecated.

Cannot find /user/xiaoju/data/bi/app/todaycallpassenger/2014/03/12/_SUCCESS
Warning: $HADOOP_HOME is deprecated.

DELETE FROM OrderAirport WHERE statDate='2014-03-12';
Warning: /usr/lib/hbase does not exist! HBase imports will fail.
Please set $HBASE_HOME to the root of your HBase installation.
Warning: /usr/lib/hcatalog does not exist! HCatalog jobs will fail.
Please set $HCAT_HOME to the root of your HCatalog installation.
Warning: $HADOOP_HOME is deprecated.

14/03/13 09:37:36 WARN tool.BaseSqoopTool: Setting your password on the command-line is insecure. Consider using -P instead.
14/03/13 09:37:36 INFO manager.MySQLManager: Preparing to use a MySQL streaming resultset.
14/03/13 09:37:36 INFO tool.CodeGenTool: Beginning code generation
14/03/13 09:37:36 INFO manager.SqlManager: Executing SQL statement: SELECT t.* FROM `OrderAirport` AS t LIMIT 1
14/03/13 09:37:36 INFO manager.SqlManager: Executing SQL statement: SELECT t.* FROM `OrderAirport` AS t LIMIT 1
14/03/13 09:37:36 INFO orm.CompilationManager: HADOOP_MAPRED_HOME is /home/xiaoju/hadoop-1.0.4
Note: /tmp/sqoop-xiaoju/compile/327212152f66e4e893dbbf8bdf8d761a/OrderAirport.java uses or overrides a deprecated API.
Note: Recompile with -Xlint:deprecation for details.
14/03/13 09:37:37 INFO orm.CompilationManager: Writing jar file: /tmp/sqoop-xiaoju/compile/327212152f66e4e893dbbf8bdf8d761a/OrderAirport.jar
14/03/13 09:37:37 INFO mapreduce.ExportJobBase: Beginning export of OrderAirport
14/03/13 09:37:38 INFO input.FileInputFormat: Total input paths to process : 1
14/03/13 09:37:38 INFO input.FileInputFormat: Total input paths to process : 1
14/03/13 09:37:38 INFO util.NativeCodeLoader: Loaded the native-hadoop library
14/03/13 09:37:38 WARN snappy.LoadSnappy: Snappy native library not loaded
14/03/13 09:37:38 INFO mapred.JobClient: Running job: job_201403051733_6096
14/03/13 09:37:39 INFO mapred.JobClient:  map 0% reduce 0%
14/03/13 09:37:52 INFO mapred.JobClient:  map 75% reduce 0%
14/03/13 09:37:53 INFO mapred.JobClient:  map 100% reduce 0%
14/03/13 09:37:58 INFO mapred.JobClient: Job complete: job_201403051733_6096
14/03/13 09:37:58 INFO mapred.JobClient: Counters: 19
14/03/13 09:37:58 INFO mapred.JobClient:   Job Counters 
14/03/13 09:37:58 INFO mapred.JobClient:     SLOTS_MILLIS_MAPS=25774
14/03/13 09:37:58 INFO mapred.JobClient:     Total time spent by all reduces waiting after reserving slots (ms)=0
14/03/13 09:37:58 INFO mapred.JobClient:     Total time spent by all maps waiting after reserving slots (ms)=0
14/03/13 09:37:58 INFO mapred.JobClient:     Rack-local map tasks=3
14/03/13 09:37:58 INFO mapred.JobClient:     Launched map tasks=4
14/03/13 09:37:58 INFO mapred.JobClient:     Data-local map tasks=1
14/03/13 09:37:58 INFO mapred.JobClient:     SLOTS_MILLIS_REDUCES=0
14/03/13 09:37:58 INFO mapred.JobClient:   File Output Format Counters 
14/03/13 09:37:58 INFO mapred.JobClient:     Bytes Written=0
14/03/13 09:37:58 INFO mapred.JobClient:   FileSystemCounters
14/03/13 09:37:58 INFO mapred.JobClient:     HDFS_BYTES_READ=64498
14/03/13 09:37:58 INFO mapred.JobClient:     FILE_BYTES_WRITTEN=126222
14/03/13 09:37:58 INFO mapred.JobClient:   File Input Format Counters 
14/03/13 09:37:58 INFO mapred.JobClient:     Bytes Read=0
14/03/13 09:37:58 INFO mapred.JobClient:   Map-Reduce Framework
14/03/13 09:37:58 INFO mapred.JobClient:     Map input records=1341
14/03/13 09:37:58 INFO mapred.JobClient:     Physical memory (bytes) snapshot=621334528
14/03/13 09:37:58 INFO mapred.JobClient:     Spilled Records=0
14/03/13 09:37:58 INFO mapred.JobClient:     CPU time spent (ms)=4920
14/03/13 09:37:58 INFO mapred.JobClient:     Total committed heap usage (bytes)=4043571200
14/03/13 09:37:58 INFO mapred.JobClient:     Virtual memory (bytes) snapshot=7546458112
14/03/13 09:37:58 INFO mapred.JobClient:     Map output records=1341
14/03/13 09:37:58 INFO mapred.JobClient:     SPLIT_RAW_BYTES=721
14/03/13 09:37:58 INFO mapreduce.ExportJobBase: Transferred 62.9863 KB in 20.6315 seconds (3.0529 KB/sec)
14/03/13 09:37:58 INFO mapreduce.ExportJobBase: Exported 1341 records.
Warning: $HADOOP_HOME is deprecated.

Cannot find /user/xiaoju/data/bi/app/orderneed/2014/03/12/_SUCCESS
Warning: $HADOOP_HOME is deprecated.

Cannot find /user/xiaoju/data/bi/app/driverday/2014/03/12/_SUCCESS
Warning: $HADOOP_HOME is deprecated.

Cannot find /user/xiaoju/data/bi/app/driverstay/2014/03/12/_SUCCESS
Warning: $HADOOP_HOME is deprecated.

Cannot find /user/xiaoju/data/bi/app/driverorder/2014/03/12/_SUCCESS
Warning: $HADOOP_HOME is deprecated.

Cannot find /user/xiaoju/data/bi/app/wechat_passenger/2014/03/12/_SUCCESS
Warning: $HADOOP_HOME is deprecated.

DELETE FROM OrderCall WHERE statDate='2014-03-12';
Warning: /usr/lib/hbase does not exist! HBase imports will fail.
Please set $HBASE_HOME to the root of your HBase installation.
Warning: /usr/lib/hcatalog does not exist! HCatalog jobs will fail.
Please set $HCAT_HOME to the root of your HCatalog installation.
Warning: $HADOOP_HOME is deprecated.

14/03/13 09:38:03 WARN tool.BaseSqoopTool: Setting your password on the command-line is insecure. Consider using -P instead.
14/03/13 09:38:03 INFO manager.MySQLManager: Preparing to use a MySQL streaming resultset.
14/03/13 09:38:03 INFO tool.CodeGenTool: Beginning code generation
14/03/13 09:38:03 INFO manager.SqlManager: Executing SQL statement: SELECT t.* FROM `OrderCall` AS t LIMIT 1
14/03/13 09:38:03 INFO manager.SqlManager: Executing SQL statement: SELECT t.* FROM `OrderCall` AS t LIMIT 1
14/03/13 09:38:03 INFO orm.CompilationManager: HADOOP_MAPRED_HOME is /home/xiaoju/hadoop-1.0.4
Note: /tmp/sqoop-xiaoju/compile/2651468f80fb3f1212a55afef9ce5e1e/OrderCall.java uses or overrides a deprecated API.
Note: Recompile with -Xlint:deprecation for details.
14/03/13 09:38:04 INFO orm.CompilationManager: Writing jar file: /tmp/sqoop-xiaoju/compile/2651468f80fb3f1212a55afef9ce5e1e/OrderCall.jar
14/03/13 09:38:04 INFO mapreduce.ExportJobBase: Beginning export of OrderCall
14/03/13 09:38:05 INFO input.FileInputFormat: Total input paths to process : 1
14/03/13 09:38:05 INFO input.FileInputFormat: Total input paths to process : 1
14/03/13 09:38:05 INFO util.NativeCodeLoader: Loaded the native-hadoop library
14/03/13 09:38:05 WARN snappy.LoadSnappy: Snappy native library not loaded
14/03/13 09:38:05 INFO mapred.JobClient: Running job: job_201403051733_6097
14/03/13 09:38:06 INFO mapred.JobClient:  map 0% reduce 0%
14/03/13 09:38:19 INFO mapred.JobClient:  map 75% reduce 0%
14/03/13 09:38:20 INFO mapred.JobClient:  map 100% reduce 0%
14/03/13 09:38:25 INFO mapred.JobClient: Job complete: job_201403051733_6097
14/03/13 09:38:25 INFO mapred.JobClient: Counters: 19
14/03/13 09:38:25 INFO mapred.JobClient:   Job Counters 
14/03/13 09:38:25 INFO mapred.JobClient:     SLOTS_MILLIS_MAPS=24248
14/03/13 09:38:25 INFO mapred.JobClient:     Total time spent by all reduces waiting after reserving slots (ms)=0
14/03/13 09:38:25 INFO mapred.JobClient:     Total time spent by all maps waiting after reserving slots (ms)=0
14/03/13 09:38:25 INFO mapred.JobClient:     Rack-local map tasks=3
14/03/13 09:38:25 INFO mapred.JobClient:     Launched map tasks=4
14/03/13 09:38:25 INFO mapred.JobClient:     Data-local map tasks=1
14/03/13 09:38:25 INFO mapred.JobClient:     SLOTS_MILLIS_REDUCES=0
14/03/13 09:38:25 INFO mapred.JobClient:   File Output Format Counters 
14/03/13 09:38:25 INFO mapred.JobClient:     Bytes Written=0
14/03/13 09:38:25 INFO mapred.JobClient:   FileSystemCounters
14/03/13 09:38:25 INFO mapred.JobClient:     HDFS_BYTES_READ=50854
14/03/13 09:38:25 INFO mapred.JobClient:     FILE_BYTES_WRITTEN=126117
14/03/13 09:38:25 INFO mapred.JobClient:   File Input Format Counters 
14/03/13 09:38:25 INFO mapred.JobClient:     Bytes Read=0
14/03/13 09:38:25 INFO mapred.JobClient:   Map-Reduce Framework
14/03/13 09:38:25 INFO mapred.JobClient:     Map input records=1341
14/03/13 09:38:25 INFO mapred.JobClient:     Physical memory (bytes) snapshot=626106368
14/03/13 09:38:25 INFO mapred.JobClient:     Spilled Records=0
14/03/13 09:38:25 INFO mapred.JobClient:     CPU time spent (ms)=5000
14/03/13 09:38:25 INFO mapred.JobClient:     Total committed heap usage (bytes)=4043571200
14/03/13 09:38:25 INFO mapred.JobClient:     Virtual memory (bytes) snapshot=7546458112
14/03/13 09:38:25 INFO mapred.JobClient:     Map output records=1341
14/03/13 09:38:25 INFO mapred.JobClient:     SPLIT_RAW_BYTES=706
14/03/13 09:38:25 INFO mapreduce.ExportJobBase: Transferred 49.6621 KB in 20.6707 seconds (2.4025 KB/sec)
14/03/13 09:38:25 INFO mapreduce.ExportJobBase: Exported 1341 records.
Warning: $HADOOP_HOME is deprecated.

Cannot find /user/xiaoju/data/bi/app/driveronlineweek/2014/03/12/_SUCCESS
Warning: $HADOOP_HOME is deprecated.

Cannot find /user/xiaoju/data/bi/app/passengerorder/2014/03/12/_SUCCESS
Warning: $HADOOP_HOME is deprecated.

Cannot find /user/xiaoju/data/bi/app/driverapprovedweek/2014/03/12/_SUCCESS
Warning: $HADOOP_HOME is deprecated.

Cannot find /user/xiaoju/data/bi/app/passengerorderhistory/2014/03/12/_SUCCESS
Warning: $HADOOP_HOME is deprecated.

Cannot find /user/xiaoju/data/bi/app/ordertip/2014/03/12/_SUCCESS
Warning: $HADOOP_HOME is deprecated.

Cannot find /user/xiaoju/data/bi/app/driverregperiod3monthsand6months/2014/03/12/_SUCCESS
Warning: $HADOOP_HOME is deprecated.

DELETE FROM kd_info WHERE statDate='2014-03-12';
Warning: /usr/lib/hbase does not exist! HBase imports will fail.
Please set $HBASE_HOME to the root of your HBase installation.
Warning: /usr/lib/hcatalog does not exist! HCatalog jobs will fail.
Please set $HCAT_HOME to the root of your HCatalog installation.
Warning: $HADOOP_HOME is deprecated.

14/03/13 09:38:30 WARN tool.BaseSqoopTool: Setting your password on the command-line is insecure. Consider using -P instead.
14/03/13 09:38:30 INFO manager.MySQLManager: Preparing to use a MySQL streaming resultset.
14/03/13 09:38:30 INFO tool.CodeGenTool: Beginning code generation
14/03/13 09:38:31 INFO manager.SqlManager: Executing SQL statement: SELECT t.* FROM `kd_info` AS t LIMIT 1
14/03/13 09:38:31 INFO manager.SqlManager: Executing SQL statement: SELECT t.* FROM `kd_info` AS t LIMIT 1
14/03/13 09:38:31 INFO orm.CompilationManager: HADOOP_MAPRED_HOME is /home/xiaoju/hadoop-1.0.4
Note: /tmp/sqoop-xiaoju/compile/dbea2a259af7f714cfa1ce06c9b10a4f/kd_info.java uses or overrides a deprecated API.
Note: Recompile with -Xlint:deprecation for details.
14/03/13 09:38:31 INFO orm.CompilationManager: Writing jar file: /tmp/sqoop-xiaoju/compile/dbea2a259af7f714cfa1ce06c9b10a4f/kd_info.jar
14/03/13 09:38:31 INFO mapreduce.ExportJobBase: Beginning export of kd_info
14/03/13 09:38:32 WARN mapreduce.ExportJobBase: IOException checking input file header: java.io.EOFException
14/03/13 09:38:32 INFO input.FileInputFormat: Total input paths to process : 1
14/03/13 09:38:32 INFO input.FileInputFormat: Total input paths to process : 1
14/03/13 09:38:32 INFO util.NativeCodeLoader: Loaded the native-hadoop library
14/03/13 09:38:32 WARN snappy.LoadSnappy: Snappy native library not loaded
14/03/13 09:38:32 INFO mapred.JobClient: Running job: job_201403051733_6098
14/03/13 09:38:33 INFO mapred.JobClient:  map 0% reduce 0%
14/03/13 09:38:46 INFO mapred.JobClient:  map 100% reduce 0%
14/03/13 09:38:51 INFO mapred.JobClient: Job complete: job_201403051733_6098
14/03/13 09:38:51 INFO mapred.JobClient: Counters: 17
14/03/13 09:38:51 INFO mapred.JobClient:   Job Counters 
14/03/13 09:38:51 INFO mapred.JobClient:     SLOTS_MILLIS_MAPS=12176
14/03/13 09:38:51 INFO mapred.JobClient:     Total time spent by all reduces waiting after reserving slots (ms)=0
14/03/13 09:38:51 INFO mapred.JobClient:     Total time spent by all maps waiting after reserving slots (ms)=0
14/03/13 09:38:51 INFO mapred.JobClient:     Launched map tasks=1
14/03/13 09:38:51 INFO mapred.JobClient:     SLOTS_MILLIS_REDUCES=0
14/03/13 09:38:51 INFO mapred.JobClient:   File Output Format Counters 
14/03/13 09:38:51 INFO mapred.JobClient:     Bytes Written=0
14/03/13 09:38:51 INFO mapred.JobClient:   FileSystemCounters
14/03/13 09:38:51 INFO mapred.JobClient:     HDFS_BYTES_READ=152
14/03/13 09:38:51 INFO mapred.JobClient:     FILE_BYTES_WRITTEN=31534
14/03/13 09:38:51 INFO mapred.JobClient:   File Input Format Counters 
14/03/13 09:38:51 INFO mapred.JobClient:     Bytes Read=0
14/03/13 09:38:51 INFO mapred.JobClient:   Map-Reduce Framework
14/03/13 09:38:51 INFO mapred.JobClient:     Map input records=0
14/03/13 09:38:51 INFO mapred.JobClient:     Physical memory (bytes) snapshot=160653312
14/03/13 09:38:51 INFO mapred.JobClient:     Spilled Records=0
14/03/13 09:38:51 INFO mapred.JobClient:     CPU time spent (ms)=660
14/03/13 09:38:51 INFO mapred.JobClient:     Total committed heap usage (bytes)=1010892800
14/03/13 09:38:51 INFO mapred.JobClient:     Virtual memory (bytes) snapshot=1885597696
14/03/13 09:38:51 INFO mapred.JobClient:     Map output records=0
14/03/13 09:38:51 INFO mapred.JobClient:     SPLIT_RAW_BYTES=152
14/03/13 09:38:51 INFO mapreduce.ExportJobBase: Transferred 152 bytes in 19.6776 seconds (7.7245 bytes/sec)
14/03/13 09:38:51 INFO mapreduce.ExportJobBase: Exported 0 records.
Warning: $HADOOP_HOME is deprecated.

Cannot find /user/xiaoju/data/bi/app/driveronlinemonth/2014/03/12/_SUCCESS
Warning: $HADOOP_HOME is deprecated.

Cannot find /user/xiaoju/data/bi/app/todaydriver6houronline_dprate/2014/03/12/_SUCCESS
Warning: $HADOOP_HOME is deprecated.

Cannot find /user/xiaoju/data/bi/app/driver_wechat_collection/2014/03/12/_SUCCESS
Warning: $HADOOP_HOME is deprecated.

Cannot find /user/xiaoju/data/bi/app/wechat_senditem_day/2014/03/12/_SUCCESS
Warning: $HADOOP_HOME is deprecated.

Cannot find /user/xiaoju/data/bi/app/ordertotal/2014/03/12/_SUCCESS
Warning: $HADOOP_HOME is deprecated.

Cannot find /user/xiaoju/data/bi/app/orderdaycalltip/2014/03/12/_SUCCESS
Warning: $HADOOP_HOME is deprecated.

Cannot find /user/xiaoju/data/bi/app/drivernatureregthreeweek/2014/03/12/_SUCCESS
Warning: $HADOOP_HOME is deprecated.

Cannot find /user/xiaoju/data/bi/app/drivermonth/2014/03/12/_SUCCESS
Warning: $HADOOP_HOME is deprecated.

Cannot find /user/xiaoju/data/bi/app/wechat_robenvelope_taxi/2014/03/12/_SUCCESS
Warning: $HADOOP_HOME is deprecated.

Cannot find /user/xiaoju/data/bi/app/biorder/2014/03/12/_SUCCESS
Warning: $HADOOP_HOME is deprecated.

Cannot find /user/xiaoju/data/bi/app/firstcallpassengerreplay/2014/03/12/_SUCCESS
