Warning: $HADOOP_HOME is deprecated.

DELETE FROM investors_passenger_month WHERE statDate='2014-02-01';
Warning: /usr/lib/hbase does not exist! HBase imports will fail.
Please set $HBASE_HOME to the root of your HBase installation.
Warning: /usr/lib/hcatalog does not exist! HCatalog jobs will fail.
Please set $HCAT_HOME to the root of your HCatalog installation.
Warning: $HADOOP_HOME is deprecated.

14/03/02 10:05:02 WARN tool.BaseSqoopTool: Setting your password on the command-line is insecure. Consider using -P instead.
14/03/02 10:05:02 INFO manager.MySQLManager: Preparing to use a MySQL streaming resultset.
14/03/02 10:05:02 INFO tool.CodeGenTool: Beginning code generation
14/03/02 10:05:03 INFO manager.SqlManager: Executing SQL statement: SELECT t.* FROM `investors_passenger_month` AS t LIMIT 1
14/03/02 10:05:03 INFO manager.SqlManager: Executing SQL statement: SELECT t.* FROM `investors_passenger_month` AS t LIMIT 1
14/03/02 10:05:03 INFO orm.CompilationManager: HADOOP_MAPRED_HOME is /home/xiaoju/hadoop-1.0.4
Note: /tmp/sqoop-xiaoju/compile/a56e27b499c3ddfe822aa6eda3e74862/investors_passenger_month.java uses or overrides a deprecated API.
Note: Recompile with -Xlint:deprecation for details.
14/03/02 10:05:04 INFO orm.CompilationManager: Writing jar file: /tmp/sqoop-xiaoju/compile/a56e27b499c3ddfe822aa6eda3e74862/investors_passenger_month.jar
14/03/02 10:05:04 INFO mapreduce.ExportJobBase: Beginning export of investors_passenger_month
14/03/02 10:05:09 INFO input.FileInputFormat: Total input paths to process : 1
14/03/02 10:05:09 INFO input.FileInputFormat: Total input paths to process : 1
14/03/02 10:05:09 INFO util.NativeCodeLoader: Loaded the native-hadoop library
14/03/02 10:05:09 WARN snappy.LoadSnappy: Snappy native library not loaded
14/03/02 10:05:09 INFO mapred.JobClient: Running job: job_201402101551_20185
14/03/02 10:05:10 INFO mapred.JobClient:  map 0% reduce 0%
14/03/02 10:05:23 INFO mapred.JobClient:  map 75% reduce 0%
14/03/02 10:05:25 INFO mapred.JobClient:  map 100% reduce 0%
14/03/02 10:05:30 INFO mapred.JobClient: Job complete: job_201402101551_20185
14/03/02 10:05:30 INFO mapred.JobClient: Counters: 18
14/03/02 10:05:30 INFO mapred.JobClient:   Job Counters 
14/03/02 10:05:30 INFO mapred.JobClient:     SLOTS_MILLIS_MAPS=26077
14/03/02 10:05:30 INFO mapred.JobClient:     Total time spent by all reduces waiting after reserving slots (ms)=0
14/03/02 10:05:30 INFO mapred.JobClient:     Total time spent by all maps waiting after reserving slots (ms)=0
14/03/02 10:05:30 INFO mapred.JobClient:     Rack-local map tasks=4
14/03/02 10:05:30 INFO mapred.JobClient:     Launched map tasks=4
14/03/02 10:05:30 INFO mapred.JobClient:     SLOTS_MILLIS_REDUCES=0
14/03/02 10:05:30 INFO mapred.JobClient:   File Output Format Counters 
14/03/02 10:05:30 INFO mapred.JobClient:     Bytes Written=0
14/03/02 10:05:30 INFO mapred.JobClient:   FileSystemCounters
14/03/02 10:05:30 INFO mapred.JobClient:     HDFS_BYTES_READ=14967
14/03/02 10:05:30 INFO mapred.JobClient:     FILE_BYTES_WRITTEN=126994
14/03/02 10:05:30 INFO mapred.JobClient:   File Input Format Counters 
14/03/02 10:05:30 INFO mapred.JobClient:     Bytes Read=0
14/03/02 10:05:30 INFO mapred.JobClient:   Map-Reduce Framework
14/03/02 10:05:30 INFO mapred.JobClient:     Map input records=99
14/03/02 10:05:30 INFO mapred.JobClient:     Physical memory (bytes) snapshot=624754688
14/03/02 10:05:30 INFO mapred.JobClient:     Spilled Records=0
14/03/02 10:05:30 INFO mapred.JobClient:     CPU time spent (ms)=4450
14/03/02 10:05:30 INFO mapred.JobClient:     Total committed heap usage (bytes)=4043571200
14/03/02 10:05:30 INFO mapred.JobClient:     Virtual memory (bytes) snapshot=7542247424
14/03/02 10:05:30 INFO mapred.JobClient:     Map output records=99
14/03/02 10:05:30 INFO mapred.JobClient:     SPLIT_RAW_BYTES=668
14/03/02 10:05:30 INFO mapreduce.ExportJobBase: Transferred 14.6162 KB in 25.9167 seconds (577.5049 bytes/sec)
14/03/02 10:05:30 INFO mapreduce.ExportJobBase: Exported 99 records.
Warning: $HADOOP_HOME is deprecated.

DELETE FROM investor_order_month WHERE statDate='2014-02-01';
Warning: /usr/lib/hbase does not exist! HBase imports will fail.
Please set $HBASE_HOME to the root of your HBase installation.
Warning: /usr/lib/hcatalog does not exist! HCatalog jobs will fail.
Please set $HCAT_HOME to the root of your HCatalog installation.
Warning: $HADOOP_HOME is deprecated.

14/03/02 10:05:31 WARN tool.BaseSqoopTool: Setting your password on the command-line is insecure. Consider using -P instead.
14/03/02 10:05:31 INFO manager.MySQLManager: Preparing to use a MySQL streaming resultset.
14/03/02 10:05:31 INFO tool.CodeGenTool: Beginning code generation
14/03/02 10:05:31 INFO manager.SqlManager: Executing SQL statement: SELECT t.* FROM `investor_order_month` AS t LIMIT 1
14/03/02 10:05:31 INFO manager.SqlManager: Executing SQL statement: SELECT t.* FROM `investor_order_month` AS t LIMIT 1
14/03/02 10:05:31 INFO orm.CompilationManager: HADOOP_MAPRED_HOME is /home/xiaoju/hadoop-1.0.4
Note: /tmp/sqoop-xiaoju/compile/608a43486b0dc408e711cc5a6cdef497/investor_order_month.java uses or overrides a deprecated API.
Note: Recompile with -Xlint:deprecation for details.
14/03/02 10:05:32 INFO orm.CompilationManager: Writing jar file: /tmp/sqoop-xiaoju/compile/608a43486b0dc408e711cc5a6cdef497/investor_order_month.jar
14/03/02 10:05:32 INFO mapreduce.ExportJobBase: Beginning export of investor_order_month
14/03/02 10:05:35 INFO input.FileInputFormat: Total input paths to process : 15
14/03/02 10:05:35 INFO input.FileInputFormat: Total input paths to process : 15
14/03/02 10:05:35 INFO util.NativeCodeLoader: Loaded the native-hadoop library
14/03/02 10:05:35 WARN snappy.LoadSnappy: Snappy native library not loaded
14/03/02 10:05:35 INFO mapred.JobClient: Running job: job_201402101551_20186
14/03/02 10:05:36 INFO mapred.JobClient:  map 0% reduce 0%
14/03/02 10:05:49 INFO mapred.JobClient:  map 100% reduce 0%
14/03/02 10:05:54 INFO mapred.JobClient: Job complete: job_201402101551_20186
14/03/02 10:05:54 INFO mapred.JobClient: Counters: 18
14/03/02 10:05:54 INFO mapred.JobClient:   Job Counters 
14/03/02 10:05:54 INFO mapred.JobClient:     SLOTS_MILLIS_MAPS=24818
14/03/02 10:05:54 INFO mapred.JobClient:     Total time spent by all reduces waiting after reserving slots (ms)=0
14/03/02 10:05:54 INFO mapred.JobClient:     Total time spent by all maps waiting after reserving slots (ms)=0
14/03/02 10:05:54 INFO mapred.JobClient:     Rack-local map tasks=3
14/03/02 10:05:54 INFO mapred.JobClient:     Launched map tasks=4
14/03/02 10:05:54 INFO mapred.JobClient:     SLOTS_MILLIS_REDUCES=0
14/03/02 10:05:54 INFO mapred.JobClient:   File Output Format Counters 
14/03/02 10:05:54 INFO mapred.JobClient:     Bytes Written=0
14/03/02 10:05:54 INFO mapred.JobClient:   FileSystemCounters
14/03/02 10:05:54 INFO mapred.JobClient:     HDFS_BYTES_READ=10506
14/03/02 10:05:54 INFO mapred.JobClient:     FILE_BYTES_WRITTEN=126764
14/03/02 10:05:54 INFO mapred.JobClient:   File Input Format Counters 
14/03/02 10:05:54 INFO mapred.JobClient:     Bytes Read=0
14/03/02 10:05:54 INFO mapred.JobClient:   Map-Reduce Framework
14/03/02 10:05:54 INFO mapred.JobClient:     Map input records=99
14/03/02 10:05:54 INFO mapred.JobClient:     Physical memory (bytes) snapshot=618643456
14/03/02 10:05:54 INFO mapred.JobClient:     Spilled Records=0
14/03/02 10:05:54 INFO mapred.JobClient:     CPU time spent (ms)=3250
14/03/02 10:05:54 INFO mapred.JobClient:     Total committed heap usage (bytes)=4043571200
14/03/02 10:05:54 INFO mapred.JobClient:     Virtual memory (bytes) snapshot=7543156736
14/03/02 10:05:54 INFO mapred.JobClient:     Map output records=99
14/03/02 10:05:54 INFO mapred.JobClient:     SPLIT_RAW_BYTES=1726
14/03/02 10:05:54 INFO mapreduce.ExportJobBase: Transferred 10.2598 KB in 21.4283 seconds (490.2867 bytes/sec)
14/03/02 10:05:54 INFO mapreduce.ExportJobBase: Exported 99 records.
Warning: $HADOOP_HOME is deprecated.

DELETE FROM investor_ordersrc_month WHERE statDate='2014-02-01';
Warning: /usr/lib/hbase does not exist! HBase imports will fail.
Please set $HBASE_HOME to the root of your HBase installation.
Warning: /usr/lib/hcatalog does not exist! HCatalog jobs will fail.
Please set $HCAT_HOME to the root of your HCatalog installation.
Warning: $HADOOP_HOME is deprecated.

14/03/02 10:05:55 WARN tool.BaseSqoopTool: Setting your password on the command-line is insecure. Consider using -P instead.
14/03/02 10:05:55 INFO manager.MySQLManager: Preparing to use a MySQL streaming resultset.
14/03/02 10:05:55 INFO tool.CodeGenTool: Beginning code generation
14/03/02 10:05:56 INFO manager.SqlManager: Executing SQL statement: SELECT t.* FROM `investor_ordersrc_month` AS t LIMIT 1
14/03/02 10:05:56 INFO manager.SqlManager: Executing SQL statement: SELECT t.* FROM `investor_ordersrc_month` AS t LIMIT 1
14/03/02 10:05:56 INFO orm.CompilationManager: HADOOP_MAPRED_HOME is /home/xiaoju/hadoop-1.0.4
Note: /tmp/sqoop-xiaoju/compile/91eabd30e520002b847c0e337f509e6a/investor_ordersrc_month.java uses or overrides a deprecated API.
Note: Recompile with -Xlint:deprecation for details.
14/03/02 10:05:56 INFO orm.CompilationManager: Writing jar file: /tmp/sqoop-xiaoju/compile/91eabd30e520002b847c0e337f509e6a/investor_ordersrc_month.jar
14/03/02 10:05:56 INFO mapreduce.ExportJobBase: Beginning export of investor_ordersrc_month
14/03/02 10:05:58 INFO input.FileInputFormat: Total input paths to process : 1
14/03/02 10:05:58 INFO input.FileInputFormat: Total input paths to process : 1
14/03/02 10:05:58 INFO util.NativeCodeLoader: Loaded the native-hadoop library
14/03/02 10:05:58 WARN snappy.LoadSnappy: Snappy native library not loaded
14/03/02 10:05:58 INFO mapred.JobClient: Running job: job_201402101551_20187
14/03/02 10:05:59 INFO mapred.JobClient:  map 0% reduce 0%
14/03/02 10:06:13 INFO mapred.JobClient:  map 75% reduce 0%
14/03/02 10:06:14 INFO mapred.JobClient:  map 100% reduce 0%
14/03/02 10:06:19 INFO mapred.JobClient: Job complete: job_201402101551_20187
14/03/02 10:06:19 INFO mapred.JobClient: Counters: 19
14/03/02 10:06:19 INFO mapred.JobClient:   Job Counters 
14/03/02 10:06:19 INFO mapred.JobClient:     SLOTS_MILLIS_MAPS=24369
14/03/02 10:06:19 INFO mapred.JobClient:     Total time spent by all reduces waiting after reserving slots (ms)=0
14/03/02 10:06:19 INFO mapred.JobClient:     Total time spent by all maps waiting after reserving slots (ms)=0
14/03/02 10:06:19 INFO mapred.JobClient:     Rack-local map tasks=3
14/03/02 10:06:19 INFO mapred.JobClient:     Launched map tasks=4
14/03/02 10:06:19 INFO mapred.JobClient:     Data-local map tasks=1
14/03/02 10:06:19 INFO mapred.JobClient:     SLOTS_MILLIS_REDUCES=0
14/03/02 10:06:19 INFO mapred.JobClient:   File Output Format Counters 
14/03/02 10:06:19 INFO mapred.JobClient:     Bytes Written=0
14/03/02 10:06:19 INFO mapred.JobClient:   FileSystemCounters
14/03/02 10:06:19 INFO mapred.JobClient:     HDFS_BYTES_READ=16236
14/03/02 10:06:19 INFO mapred.JobClient:     FILE_BYTES_WRITTEN=126825
14/03/02 10:06:19 INFO mapred.JobClient:   File Input Format Counters 
14/03/02 10:06:19 INFO mapred.JobClient:     Bytes Read=0
14/03/02 10:06:19 INFO mapred.JobClient:   Map-Reduce Framework
14/03/02 10:06:19 INFO mapred.JobClient:     Map input records=99
14/03/02 10:06:19 INFO mapred.JobClient:     Physical memory (bytes) snapshot=620171264
14/03/02 10:06:19 INFO mapred.JobClient:     Spilled Records=0
14/03/02 10:06:19 INFO mapred.JobClient:     CPU time spent (ms)=3160
14/03/02 10:06:19 INFO mapred.JobClient:     Total committed heap usage (bytes)=4043571200
14/03/02 10:06:19 INFO mapred.JobClient:     Virtual memory (bytes) snapshot=7542390784
14/03/02 10:06:19 INFO mapred.JobClient:     Map output records=99
14/03/02 10:06:19 INFO mapred.JobClient:     SPLIT_RAW_BYTES=761
14/03/02 10:06:19 INFO mapreduce.ExportJobBase: Transferred 15.8555 KB in 21.891 seconds (741.6747 bytes/sec)
14/03/02 10:06:19 INFO mapreduce.ExportJobBase: Exported 99 records.
Warning: $HADOOP_HOME is deprecated.

DELETE FROM driveractivedata WHERE statDate='2014-02-01';
Warning: /usr/lib/hbase does not exist! HBase imports will fail.
Please set $HBASE_HOME to the root of your HBase installation.
Warning: /usr/lib/hcatalog does not exist! HCatalog jobs will fail.
Please set $HCAT_HOME to the root of your HCatalog installation.
Warning: $HADOOP_HOME is deprecated.

14/03/02 10:06:20 WARN tool.BaseSqoopTool: Setting your password on the command-line is insecure. Consider using -P instead.
14/03/02 10:06:20 INFO manager.MySQLManager: Preparing to use a MySQL streaming resultset.
14/03/02 10:06:20 INFO tool.CodeGenTool: Beginning code generation
14/03/02 10:06:20 INFO manager.SqlManager: Executing SQL statement: SELECT t.* FROM `driveractivedata` AS t LIMIT 1
14/03/02 10:06:20 INFO manager.SqlManager: Executing SQL statement: SELECT t.* FROM `driveractivedata` AS t LIMIT 1
14/03/02 10:06:20 INFO orm.CompilationManager: HADOOP_MAPRED_HOME is /home/xiaoju/hadoop-1.0.4
Note: /tmp/sqoop-xiaoju/compile/e854853e24adae802cb150102600883a/driveractivedata.java uses or overrides a deprecated API.
Note: Recompile with -Xlint:deprecation for details.
14/03/02 10:06:21 INFO orm.CompilationManager: Writing jar file: /tmp/sqoop-xiaoju/compile/e854853e24adae802cb150102600883a/driveractivedata.jar
14/03/02 10:06:21 INFO mapreduce.ExportJobBase: Beginning export of driveractivedata
14/03/02 10:06:25 INFO input.FileInputFormat: Total input paths to process : 1
14/03/02 10:06:25 INFO input.FileInputFormat: Total input paths to process : 1
14/03/02 10:06:25 INFO util.NativeCodeLoader: Loaded the native-hadoop library
14/03/02 10:06:25 WARN snappy.LoadSnappy: Snappy native library not loaded
14/03/02 10:06:25 INFO mapred.JobClient: Running job: job_201402101551_20188
14/03/02 10:06:26 INFO mapred.JobClient:  map 0% reduce 0%
14/03/02 10:06:39 INFO mapred.JobClient: Task Id : attempt_201402101551_20188_m_000002_0, Status : FAILED
java.io.IOException: Can't export data, please check task tracker logs
	at org.apache.sqoop.mapreduce.TextExportMapper.map(TextExportMapper.java:96)
	at org.apache.sqoop.mapreduce.TextExportMapper.map(TextExportMapper.java:1)
	at org.apache.hadoop.mapreduce.Mapper.run(Mapper.java:144)
	at org.apache.sqoop.mapreduce.AutoProgressMapper.run(AutoProgressMapper.java:64)
	at org.apache.hadoop.mapred.MapTask.runNewMapper(MapTask.java:764)
	at org.apache.hadoop.mapred.MapTask.run(MapTask.java:370)
	at org.apache.hadoop.mapred.Child$4.run(Child.java:255)
	at java.security.AccessController.doPrivileged(Native Method)
	at javax.security.auth.Subject.doAs(Subject.java:396)
	at org.apache.hadoop.security.UserGroupInformation.doAs(UserGroupInformation.java:1121)
	at org.apache.hadoop.mapred.Child.main(Child.java:249)
Caused by: java.lang.IllegalArgumentException
	at java.sql.Date.valueOf(Date.java:138)
	at driveractivedata.__loadFromFields(driveractivedata.java:546)
	at driveractivedata.parse(driveractivedata.java:498)
	at org.apache.sqoop.mapreduce.TextExportMapper.map(TextExportMapper.java:67)
	... 10 more

14/03/02 10:06:40 INFO mapred.JobClient: Task Id : attempt_201402101551_20188_m_000001_0, Status : FAILED
java.io.IOException: Can't export data, please check task tracker logs
	at org.apache.sqoop.mapreduce.TextExportMapper.map(TextExportMapper.java:96)
	at org.apache.sqoop.mapreduce.TextExportMapper.map(TextExportMapper.java:1)
	at org.apache.hadoop.mapreduce.Mapper.run(Mapper.java:144)
	at org.apache.sqoop.mapreduce.AutoProgressMapper.run(AutoProgressMapper.java:64)
	at org.apache.hadoop.mapred.MapTask.runNewMapper(MapTask.java:764)
	at org.apache.hadoop.mapred.MapTask.run(MapTask.java:370)
	at org.apache.hadoop.mapred.Child$4.run(Child.java:255)
	at java.security.AccessController.doPrivileged(Native Method)
	at javax.security.auth.Subject.doAs(Subject.java:396)
	at org.apache.hadoop.security.UserGroupInformation.doAs(UserGroupInformation.java:1121)
	at org.apache.hadoop.mapred.Child.main(Child.java:249)
Caused by: java.lang.IllegalArgumentException
	at java.sql.Date.valueOf(Date.java:138)
	at driveractivedata.__loadFromFields(driveractivedata.java:546)
	at driveractivedata.parse(driveractivedata.java:498)
	at org.apache.sqoop.mapreduce.TextExportMapper.map(TextExportMapper.java:67)
	... 10 more

14/03/02 10:06:40 INFO mapred.JobClient: Task Id : attempt_201402101551_20188_m_000000_0, Status : FAILED
java.io.IOException: Can't export data, please check task tracker logs
	at org.apache.sqoop.mapreduce.TextExportMapper.map(TextExportMapper.java:96)
	at org.apache.sqoop.mapreduce.TextExportMapper.map(TextExportMapper.java:1)
	at org.apache.hadoop.mapreduce.Mapper.run(Mapper.java:144)
	at org.apache.sqoop.mapreduce.AutoProgressMapper.run(AutoProgressMapper.java:64)
	at org.apache.hadoop.mapred.MapTask.runNewMapper(MapTask.java:764)
	at org.apache.hadoop.mapred.MapTask.run(MapTask.java:370)
	at org.apache.hadoop.mapred.Child$4.run(Child.java:255)
	at java.security.AccessController.doPrivileged(Native Method)
	at javax.security.auth.Subject.doAs(Subject.java:396)
	at org.apache.hadoop.security.UserGroupInformation.doAs(UserGroupInformation.java:1121)
	at org.apache.hadoop.mapred.Child.main(Child.java:249)
Caused by: java.lang.IllegalArgumentException
	at java.sql.Date.valueOf(Date.java:138)
	at driveractivedata.__loadFromFields(driveractivedata.java:546)
	at driveractivedata.parse(driveractivedata.java:498)
	at org.apache.sqoop.mapreduce.TextExportMapper.map(TextExportMapper.java:67)
	... 10 more

14/03/02 10:06:40 INFO mapred.JobClient: Task Id : attempt_201402101551_20188_m_000003_0, Status : FAILED
java.io.IOException: Can't export data, please check task tracker logs
	at org.apache.sqoop.mapreduce.TextExportMapper.map(TextExportMapper.java:96)
	at org.apache.sqoop.mapreduce.TextExportMapper.map(TextExportMapper.java:1)
	at org.apache.hadoop.mapreduce.Mapper.run(Mapper.java:144)
	at org.apache.sqoop.mapreduce.AutoProgressMapper.run(AutoProgressMapper.java:64)
	at org.apache.hadoop.mapred.MapTask.runNewMapper(MapTask.java:764)
	at org.apache.hadoop.mapred.MapTask.run(MapTask.java:370)
	at org.apache.hadoop.mapred.Child$4.run(Child.java:255)
	at java.security.AccessController.doPrivileged(Native Method)
	at javax.security.auth.Subject.doAs(Subject.java:396)
	at org.apache.hadoop.security.UserGroupInformation.doAs(UserGroupInformation.java:1121)
	at org.apache.hadoop.mapred.Child.main(Child.java:249)
Caused by: java.lang.IllegalArgumentException
	at java.sql.Date.valueOf(Date.java:138)
	at driveractivedata.__loadFromFields(driveractivedata.java:546)
	at driveractivedata.parse(driveractivedata.java:498)
	at org.apache.sqoop.mapreduce.TextExportMapper.map(TextExportMapper.java:67)
	... 10 more

14/03/02 10:06:45 INFO mapred.JobClient: Task Id : attempt_201402101551_20188_m_000002_1, Status : FAILED
java.io.IOException: Can't export data, please check task tracker logs
	at org.apache.sqoop.mapreduce.TextExportMapper.map(TextExportMapper.java:96)
	at org.apache.sqoop.mapreduce.TextExportMapper.map(TextExportMapper.java:1)
	at org.apache.hadoop.mapreduce.Mapper.run(Mapper.java:144)
	at org.apache.sqoop.mapreduce.AutoProgressMapper.run(AutoProgressMapper.java:64)
	at org.apache.hadoop.mapred.MapTask.runNewMapper(MapTask.java:764)
	at org.apache.hadoop.mapred.MapTask.run(MapTask.java:370)
	at org.apache.hadoop.mapred.Child$4.run(Child.java:255)
	at java.security.AccessController.doPrivileged(Native Method)
	at javax.security.auth.Subject.doAs(Subject.java:396)
	at org.apache.hadoop.security.UserGroupInformation.doAs(UserGroupInformation.java:1121)
	at org.apache.hadoop.mapred.Child.main(Child.java:249)
Caused by: java.lang.IllegalArgumentException
	at java.sql.Date.valueOf(Date.java:138)
	at driveractivedata.__loadFromFields(driveractivedata.java:546)
	at driveractivedata.parse(driveractivedata.java:498)
	at org.apache.sqoop.mapreduce.TextExportMapper.map(TextExportMapper.java:67)
	... 10 more

14/03/02 10:06:45 INFO mapred.JobClient: Task Id : attempt_201402101551_20188_m_000001_1, Status : FAILED
java.io.IOException: Can't export data, please check task tracker logs
	at org.apache.sqoop.mapreduce.TextExportMapper.map(TextExportMapper.java:96)
	at org.apache.sqoop.mapreduce.TextExportMapper.map(TextExportMapper.java:1)
	at org.apache.hadoop.mapreduce.Mapper.run(Mapper.java:144)
	at org.apache.sqoop.mapreduce.AutoProgressMapper.run(AutoProgressMapper.java:64)
	at org.apache.hadoop.mapred.MapTask.runNewMapper(MapTask.java:764)
	at org.apache.hadoop.mapred.MapTask.run(MapTask.java:370)
	at org.apache.hadoop.mapred.Child$4.run(Child.java:255)
	at java.security.AccessController.doPrivileged(Native Method)
	at javax.security.auth.Subject.doAs(Subject.java:396)
	at org.apache.hadoop.security.UserGroupInformation.doAs(UserGroupInformation.java:1121)
	at org.apache.hadoop.mapred.Child.main(Child.java:249)
Caused by: java.lang.IllegalArgumentException
	at java.sql.Date.valueOf(Date.java:138)
	at driveractivedata.__loadFromFields(driveractivedata.java:546)
	at driveractivedata.parse(driveractivedata.java:498)
	at org.apache.sqoop.mapreduce.TextExportMapper.map(TextExportMapper.java:67)
	... 10 more

14/03/02 10:06:46 INFO mapred.JobClient: Task Id : attempt_201402101551_20188_m_000000_1, Status : FAILED
java.io.IOException: Can't export data, please check task tracker logs
	at org.apache.sqoop.mapreduce.TextExportMapper.map(TextExportMapper.java:96)
	at org.apache.sqoop.mapreduce.TextExportMapper.map(TextExportMapper.java:1)
	at org.apache.hadoop.mapreduce.Mapper.run(Mapper.java:144)
	at org.apache.sqoop.mapreduce.AutoProgressMapper.run(AutoProgressMapper.java:64)
	at org.apache.hadoop.mapred.MapTask.runNewMapper(MapTask.java:764)
	at org.apache.hadoop.mapred.MapTask.run(MapTask.java:370)
	at org.apache.hadoop.mapred.Child$4.run(Child.java:255)
	at java.security.AccessController.doPrivileged(Native Method)
	at javax.security.auth.Subject.doAs(Subject.java:396)
	at org.apache.hadoop.security.UserGroupInformation.doAs(UserGroupInformation.java:1121)
	at org.apache.hadoop.mapred.Child.main(Child.java:249)
Caused by: java.lang.IllegalArgumentException
	at java.sql.Date.valueOf(Date.java:138)
	at driveractivedata.__loadFromFields(driveractivedata.java:546)
	at driveractivedata.parse(driveractivedata.java:498)
	at org.apache.sqoop.mapreduce.TextExportMapper.map(TextExportMapper.java:67)
	... 10 more

14/03/02 10:06:46 INFO mapred.JobClient: Task Id : attempt_201402101551_20188_m_000003_1, Status : FAILED
java.io.IOException: Can't export data, please check task tracker logs
	at org.apache.sqoop.mapreduce.TextExportMapper.map(TextExportMapper.java:96)
	at org.apache.sqoop.mapreduce.TextExportMapper.map(TextExportMapper.java:1)
	at org.apache.hadoop.mapreduce.Mapper.run(Mapper.java:144)
	at org.apache.sqoop.mapreduce.AutoProgressMapper.run(AutoProgressMapper.java:64)
	at org.apache.hadoop.mapred.MapTask.runNewMapper(MapTask.java:764)
	at org.apache.hadoop.mapred.MapTask.run(MapTask.java:370)
	at org.apache.hadoop.mapred.Child$4.run(Child.java:255)
	at java.security.AccessController.doPrivileged(Native Method)
	at javax.security.auth.Subject.doAs(Subject.java:396)
	at org.apache.hadoop.security.UserGroupInformation.doAs(UserGroupInformation.java:1121)
	at org.apache.hadoop.mapred.Child.main(Child.java:249)
Caused by: java.lang.IllegalArgumentException
	at java.sql.Date.valueOf(Date.java:138)
	at driveractivedata.__loadFromFields(driveractivedata.java:546)
	at driveractivedata.parse(driveractivedata.java:498)
	at org.apache.sqoop.mapreduce.TextExportMapper.map(TextExportMapper.java:67)
	... 10 more

14/03/02 10:06:51 INFO mapred.JobClient: Task Id : attempt_201402101551_20188_m_000002_2, Status : FAILED
java.io.IOException: Can't export data, please check task tracker logs
	at org.apache.sqoop.mapreduce.TextExportMapper.map(TextExportMapper.java:96)
	at org.apache.sqoop.mapreduce.TextExportMapper.map(TextExportMapper.java:1)
	at org.apache.hadoop.mapreduce.Mapper.run(Mapper.java:144)
	at org.apache.sqoop.mapreduce.AutoProgressMapper.run(AutoProgressMapper.java:64)
	at org.apache.hadoop.mapred.MapTask.runNewMapper(MapTask.java:764)
	at org.apache.hadoop.mapred.MapTask.run(MapTask.java:370)
	at org.apache.hadoop.mapred.Child$4.run(Child.java:255)
	at java.security.AccessController.doPrivileged(Native Method)
	at javax.security.auth.Subject.doAs(Subject.java:396)
	at org.apache.hadoop.security.UserGroupInformation.doAs(UserGroupInformation.java:1121)
	at org.apache.hadoop.mapred.Child.main(Child.java:249)
Caused by: java.lang.IllegalArgumentException
	at java.sql.Date.valueOf(Date.java:138)
	at driveractivedata.__loadFromFields(driveractivedata.java:546)
	at driveractivedata.parse(driveractivedata.java:498)
	at org.apache.sqoop.mapreduce.TextExportMapper.map(TextExportMapper.java:67)
	... 10 more

14/03/02 10:06:52 INFO mapred.JobClient: Task Id : attempt_201402101551_20188_m_000001_2, Status : FAILED
java.io.IOException: Can't export data, please check task tracker logs
	at org.apache.sqoop.mapreduce.TextExportMapper.map(TextExportMapper.java:96)
	at org.apache.sqoop.mapreduce.TextExportMapper.map(TextExportMapper.java:1)
	at org.apache.hadoop.mapreduce.Mapper.run(Mapper.java:144)
	at org.apache.sqoop.mapreduce.AutoProgressMapper.run(AutoProgressMapper.java:64)
	at org.apache.hadoop.mapred.MapTask.runNewMapper(MapTask.java:764)
	at org.apache.hadoop.mapred.MapTask.run(MapTask.java:370)
	at org.apache.hadoop.mapred.Child$4.run(Child.java:255)
	at java.security.AccessController.doPrivileged(Native Method)
	at javax.security.auth.Subject.doAs(Subject.java:396)
	at org.apache.hadoop.security.UserGroupInformation.doAs(UserGroupInformation.java:1121)
	at org.apache.hadoop.mapred.Child.main(Child.java:249)
Caused by: java.lang.IllegalArgumentException
	at java.sql.Date.valueOf(Date.java:138)
	at driveractivedata.__loadFromFields(driveractivedata.java:546)
	at driveractivedata.parse(driveractivedata.java:498)
	at org.apache.sqoop.mapreduce.TextExportMapper.map(TextExportMapper.java:67)
	... 10 more

14/03/02 10:06:52 INFO mapred.JobClient: Task Id : attempt_201402101551_20188_m_000000_2, Status : FAILED
java.io.IOException: Can't export data, please check task tracker logs
	at org.apache.sqoop.mapreduce.TextExportMapper.map(TextExportMapper.java:96)
	at org.apache.sqoop.mapreduce.TextExportMapper.map(TextExportMapper.java:1)
	at org.apache.hadoop.mapreduce.Mapper.run(Mapper.java:144)
	at org.apache.sqoop.mapreduce.AutoProgressMapper.run(AutoProgressMapper.java:64)
	at org.apache.hadoop.mapred.MapTask.runNewMapper(MapTask.java:764)
	at org.apache.hadoop.mapred.MapTask.run(MapTask.java:370)
	at org.apache.hadoop.mapred.Child$4.run(Child.java:255)
	at java.security.AccessController.doPrivileged(Native Method)
	at javax.security.auth.Subject.doAs(Subject.java:396)
	at org.apache.hadoop.security.UserGroupInformation.doAs(UserGroupInformation.java:1121)
	at org.apache.hadoop.mapred.Child.main(Child.java:249)
Caused by: java.lang.IllegalArgumentException
	at java.sql.Date.valueOf(Date.java:138)
	at driveractivedata.__loadFromFields(driveractivedata.java:546)
	at driveractivedata.parse(driveractivedata.java:498)
	at org.apache.sqoop.mapreduce.TextExportMapper.map(TextExportMapper.java:67)
	... 10 more

14/03/02 10:06:52 INFO mapred.JobClient: Task Id : attempt_201402101551_20188_m_000003_2, Status : FAILED
java.io.IOException: Can't export data, please check task tracker logs
	at org.apache.sqoop.mapreduce.TextExportMapper.map(TextExportMapper.java:96)
	at org.apache.sqoop.mapreduce.TextExportMapper.map(TextExportMapper.java:1)
	at org.apache.hadoop.mapreduce.Mapper.run(Mapper.java:144)
	at org.apache.sqoop.mapreduce.AutoProgressMapper.run(AutoProgressMapper.java:64)
	at org.apache.hadoop.mapred.MapTask.runNewMapper(MapTask.java:764)
	at org.apache.hadoop.mapred.MapTask.run(MapTask.java:370)
	at org.apache.hadoop.mapred.Child$4.run(Child.java:255)
	at java.security.AccessController.doPrivileged(Native Method)
	at javax.security.auth.Subject.doAs(Subject.java:396)
	at org.apache.hadoop.security.UserGroupInformation.doAs(UserGroupInformation.java:1121)
	at org.apache.hadoop.mapred.Child.main(Child.java:249)
Caused by: java.lang.IllegalArgumentException
	at java.sql.Date.valueOf(Date.java:138)
	at driveractivedata.__loadFromFields(driveractivedata.java:546)
	at driveractivedata.parse(driveractivedata.java:498)
	at org.apache.sqoop.mapreduce.TextExportMapper.map(TextExportMapper.java:67)
	... 10 more

14/03/02 10:07:03 INFO mapred.JobClient: Job complete: job_201402101551_20188
14/03/02 10:07:03 INFO mapred.JobClient: Counters: 8
14/03/02 10:07:03 INFO mapred.JobClient:   Job Counters 
14/03/02 10:07:03 INFO mapred.JobClient:     SLOTS_MILLIS_MAPS=82323
14/03/02 10:07:03 INFO mapred.JobClient:     Total time spent by all reduces waiting after reserving slots (ms)=0
14/03/02 10:07:03 INFO mapred.JobClient:     Total time spent by all maps waiting after reserving slots (ms)=0
14/03/02 10:07:03 INFO mapred.JobClient:     Rack-local map tasks=12
14/03/02 10:07:03 INFO mapred.JobClient:     Launched map tasks=16
14/03/02 10:07:03 INFO mapred.JobClient:     Data-local map tasks=4
14/03/02 10:07:03 INFO mapred.JobClient:     SLOTS_MILLIS_REDUCES=0
14/03/02 10:07:03 INFO mapred.JobClient:     Failed map tasks=1
14/03/02 10:07:03 INFO mapreduce.ExportJobBase: Transferred 0 bytes in 41.4534 seconds (0 bytes/sec)
14/03/02 10:07:03 INFO mapreduce.ExportJobBase: Exported 0 records.
14/03/02 10:07:03 ERROR tool.ExportTool: Error during export: Export job failed!
