Warning: $HADOOP_HOME is deprecated.

Cannot find /user/xiaoju/data/bi/app/investors_passenger_month/2014/02/_SUCCESS
Warning: $HADOOP_HOME is deprecated.

Cannot find /user/xiaoju/data/bi/app/investor_order_month/2014/02/_SUCCESS
Warning: $HADOOP_HOME is deprecated.

Cannot find /user/xiaoju/data/bi/app/investor_ordersrc_month/2014/02/_SUCCESS
Warning: $HADOOP_HOME is deprecated.

DELETE FROM driveractivedata WHERE statDate='2014-02-25';
Warning: /usr/lib/hbase does not exist! HBase imports will fail.
Please set $HBASE_HOME to the root of your HBase installation.
Warning: /usr/lib/hcatalog does not exist! HCatalog jobs will fail.
Please set $HCAT_HOME to the root of your HCatalog installation.
Warning: $HADOOP_HOME is deprecated.

14/02/26 17:21:42 WARN tool.BaseSqoopTool: Setting your password on the command-line is insecure. Consider using -P instead.
14/02/26 17:21:42 INFO manager.MySQLManager: Preparing to use a MySQL streaming resultset.
14/02/26 17:21:42 INFO tool.CodeGenTool: Beginning code generation
14/02/26 17:21:42 INFO manager.SqlManager: Executing SQL statement: SELECT t.* FROM `driveractivedata` AS t LIMIT 1
14/02/26 17:21:42 INFO manager.SqlManager: Executing SQL statement: SELECT t.* FROM `driveractivedata` AS t LIMIT 1
14/02/26 17:21:42 INFO orm.CompilationManager: HADOOP_MAPRED_HOME is /home/xiaoju/hadoop-1.0.4
Note: /tmp/sqoop-xiaoju/compile/e99563e8233928ece4fbdd175e10d6de/driveractivedata.java uses or overrides a deprecated API.
Note: Recompile with -Xlint:deprecation for details.
14/02/26 17:21:43 INFO orm.CompilationManager: Writing jar file: /tmp/sqoop-xiaoju/compile/e99563e8233928ece4fbdd175e10d6de/driveractivedata.jar
14/02/26 17:21:43 INFO mapreduce.ExportJobBase: Beginning export of driveractivedata
14/02/26 17:21:43 WARN mapreduce.ExportJobBase: IOException checking input file header: java.io.EOFException
14/02/26 17:21:45 INFO input.FileInputFormat: Total input paths to process : 1
14/02/26 17:21:45 INFO input.FileInputFormat: Total input paths to process : 1
14/02/26 17:21:45 INFO util.NativeCodeLoader: Loaded the native-hadoop library
14/02/26 17:21:45 WARN snappy.LoadSnappy: Snappy native library not loaded
14/02/26 17:21:45 INFO mapred.JobClient: Running job: job_201402101551_16433
