Pig Stack Trace
---------------
ERROR 1200: <line 1, column 132>  Syntax error, unexpected symbol at or near 'null'

Failed to parse: <line 1, column 132>  Syntax error, unexpected symbol at or near 'null'
	at org.apache.pig.parser.QueryParserDriver.parse(QueryParserDriver.java:241)
	at org.apache.pig.parser.QueryParserDriver.parse(QueryParserDriver.java:179)
	at org.apache.pig.PigServer$Graph.validateQuery(PigServer.java:1684)
	at org.apache.pig.PigServer$Graph.registerQuery(PigServer.java:1657)
	at org.apache.pig.PigServer.registerQuery(PigServer.java:600)
	at org.apache.pig.tools.grunt.GruntParser.processPig(GruntParser.java:1069)
	at org.apache.pig.tools.pigscript.parser.PigScriptParser.parse(PigScriptParser.java:501)
	at org.apache.pig.tools.grunt.GruntParser.parseStopOnError(GruntParser.java:228)
	at org.apache.pig.tools.grunt.GruntParser.parseStopOnError(GruntParser.java:203)
	at org.apache.pig.tools.grunt.Grunt.run(Grunt.java:66)
	at org.apache.pig.Main.run(Main.java:542)
	at org.apache.pig.Main.main(Main.java:156)
	at sun.reflect.NativeMethodAccessorImpl.invoke0(Native Method)
	at sun.reflect.NativeMethodAccessorImpl.invoke(NativeMethodAccessorImpl.java:39)
	at sun.reflect.DelegatingMethodAccessorImpl.invoke(DelegatingMethodAccessorImpl.java:25)
	at java.lang.reflect.Method.invoke(Method.java:597)
	at org.apache.hadoop.util.RunJar.main(RunJar.java:212)
================================================================================
Pig Stack Trace
---------------
ERROR 1003: Unable to find an operator for alias hdfs_audit

org.apache.pig.impl.logicalLayer.FrontendException: ERROR 1003: Unable to find an operator for alias hdfs_audit
	at org.apache.pig.PigServer$Graph.buildPlan(PigServer.java:1521)
	at org.apache.pig.PigServer.storeEx(PigServer.java:1006)
	at org.apache.pig.PigServer.store(PigServer.java:974)
	at org.apache.pig.PigServer.openIterator(PigServer.java:887)
	at org.apache.pig.tools.grunt.GruntParser.processDump(GruntParser.java:752)
	at org.apache.pig.tools.pigscript.parser.PigScriptParser.parse(PigScriptParser.java:372)
	at org.apache.pig.tools.grunt.GruntParser.parseStopOnError(GruntParser.java:228)
	at org.apache.pig.tools.grunt.GruntParser.parseStopOnError(GruntParser.java:203)
	at org.apache.pig.tools.grunt.Grunt.run(Grunt.java:66)
	at org.apache.pig.Main.run(Main.java:542)
	at org.apache.pig.Main.main(Main.java:156)
	at sun.reflect.NativeMethodAccessorImpl.invoke0(Native Method)
	at sun.reflect.NativeMethodAccessorImpl.invoke(NativeMethodAccessorImpl.java:39)
	at sun.reflect.DelegatingMethodAccessorImpl.invoke(DelegatingMethodAccessorImpl.java:25)
	at java.lang.reflect.Method.invoke(Method.java:597)
	at org.apache.hadoop.util.RunJar.main(RunJar.java:212)
================================================================================
