hive -e use ods;alter table ods_log_nginx add if not exists partition (year='2014',month='04',day='08') location '/user/xiaoju/data/bi/ods/access/2014/04/08';
WARNING: org.apache.hadoop.metrics.jvm.EventCounter is deprecated. Please use org.apache.hadoop.log.metrics.EventCounter in all the log4j.properties files.
Logging initialized using configuration in file:/home/xiaoju/hive-0.10.0/conf/hive-log4j.properties
Hive history file=/tmp/xiaoju/hive_job_log_xiaoju_201404080001_1248939842.txt
SLF4J: Class path contains multiple SLF4J bindings.
SLF4J: Found binding in [jar:file:/home/xiaoju/hadoop-2.2.0/share/hadoop/common/lib/slf4j-log4j12-1.7.5.jar!/org/slf4j/impl/StaticLoggerBinder.class]
SLF4J: Found binding in [jar:file:/home/xiaoju/hive-0.10.0/lib/slf4j-log4j12-1.6.1.jar!/org/slf4j/impl/StaticLoggerBinder.class]
SLF4J: See http://www.slf4j.org/codes.html#multiple_bindings for an explanation.
SLF4J: Actual binding is of type [org.slf4j.impl.Log4jLoggerFactory]
OK
Time taken: 2.937 seconds
OK
Time taken: 1.622 seconds
hive -e use ods;alter table ods_log_broadcastorder add if not exists partition (year='2014',month='04',day='08') location '/user/xiaoju/data/bi/ods/broadcastorder/2014/04/08';
WARNING: org.apache.hadoop.metrics.jvm.EventCounter is deprecated. Please use org.apache.hadoop.log.metrics.EventCounter in all the log4j.properties files.
Logging initialized using configuration in file:/home/xiaoju/hive-0.10.0/conf/hive-log4j.properties
Hive history file=/tmp/xiaoju/hive_job_log_xiaoju_201404080001_321407192.txt
SLF4J: Class path contains multiple SLF4J bindings.
SLF4J: Found binding in [jar:file:/home/xiaoju/hadoop-2.2.0/share/hadoop/common/lib/slf4j-log4j12-1.7.5.jar!/org/slf4j/impl/StaticLoggerBinder.class]
SLF4J: Found binding in [jar:file:/home/xiaoju/hive-0.10.0/lib/slf4j-log4j12-1.6.1.jar!/org/slf4j/impl/StaticLoggerBinder.class]
SLF4J: See http://www.slf4j.org/codes.html#multiple_bindings for an explanation.
SLF4J: Actual binding is of type [org.slf4j.impl.Log4jLoggerFactory]
OK
Time taken: 2.413 seconds
OK
Time taken: 1.643 seconds
hive -e use ods;alter table ods_log_pushserver_msg_broadcast add if not exists partition (year='2014',month='04',day='08') location '/user/xiaoju/data/bi/ods/push/msgbroadcast/2014/04/08';
WARNING: org.apache.hadoop.metrics.jvm.EventCounter is deprecated. Please use org.apache.hadoop.log.metrics.EventCounter in all the log4j.properties files.
Logging initialized using configuration in file:/home/xiaoju/hive-0.10.0/conf/hive-log4j.properties
Hive history file=/tmp/xiaoju/hive_job_log_xiaoju_201404080001_863985383.txt
SLF4J: Class path contains multiple SLF4J bindings.
SLF4J: Found binding in [jar:file:/home/xiaoju/hadoop-2.2.0/share/hadoop/common/lib/slf4j-log4j12-1.7.5.jar!/org/slf4j/impl/StaticLoggerBinder.class]
SLF4J: Found binding in [jar:file:/home/xiaoju/hive-0.10.0/lib/slf4j-log4j12-1.6.1.jar!/org/slf4j/impl/StaticLoggerBinder.class]
SLF4J: See http://www.slf4j.org/codes.html#multiple_bindings for an explanation.
SLF4J: Actual binding is of type [org.slf4j.impl.Log4jLoggerFactory]
OK
Time taken: 2.317 seconds
OK
Time taken: 1.64 seconds
hive -e use ods;alter table ods_log_pushserver_pushservice_getorder add if not exists partition (year='2014',month='04',day='08') location '/user/xiaoju/data/bi/ods/push/dgetorder/2014/04/08';
WARNING: org.apache.hadoop.metrics.jvm.EventCounter is deprecated. Please use org.apache.hadoop.log.metrics.EventCounter in all the log4j.properties files.
Logging initialized using configuration in file:/home/xiaoju/hive-0.10.0/conf/hive-log4j.properties
Hive history file=/tmp/xiaoju/hive_job_log_xiaoju_201404080001_1390822117.txt
SLF4J: Class path contains multiple SLF4J bindings.
SLF4J: Found binding in [jar:file:/home/xiaoju/hadoop-2.2.0/share/hadoop/common/lib/slf4j-log4j12-1.7.5.jar!/org/slf4j/impl/StaticLoggerBinder.class]
SLF4J: Found binding in [jar:file:/home/xiaoju/hive-0.10.0/lib/slf4j-log4j12-1.6.1.jar!/org/slf4j/impl/StaticLoggerBinder.class]
SLF4J: See http://www.slf4j.org/codes.html#multiple_bindings for an explanation.
SLF4J: Actual binding is of type [org.slf4j.impl.Log4jLoggerFactory]
OK
Time taken: 2.308 seconds
OK
Time taken: 1.89 seconds
hive -e use ods;alter table ods_log_pushserver_pushservice_ordercoming add if not exists partition (year='2014',month='04',day='08') location '/user/xiaoju/data/bi/ods/push/ordercoming/2014/04/08';
WARNING: org.apache.hadoop.metrics.jvm.EventCounter is deprecated. Please use org.apache.hadoop.log.metrics.EventCounter in all the log4j.properties files.
Logging initialized using configuration in file:/home/xiaoju/hive-0.10.0/conf/hive-log4j.properties
Hive history file=/tmp/xiaoju/hive_job_log_xiaoju_201404080001_1647116795.txt
SLF4J: Class path contains multiple SLF4J bindings.
SLF4J: Found binding in [jar:file:/home/xiaoju/hadoop-2.2.0/share/hadoop/common/lib/slf4j-log4j12-1.7.5.jar!/org/slf4j/impl/StaticLoggerBinder.class]
SLF4J: Found binding in [jar:file:/home/xiaoju/hive-0.10.0/lib/slf4j-log4j12-1.6.1.jar!/org/slf4j/impl/StaticLoggerBinder.class]
SLF4J: See http://www.slf4j.org/codes.html#multiple_bindings for an explanation.
SLF4J: Actual binding is of type [org.slf4j.impl.Log4jLoggerFactory]
OK
Time taken: 2.317 seconds
OK
Time taken: 2.049 seconds
hive -e use ods;alter table ods_log_pushserver_pushservice_orderstrived add if not exists partition (year='2014',month='04',day='08') location '/user/xiaoju/data/bi/ods/push/orderstrived/2014/04/08';
WARNING: org.apache.hadoop.metrics.jvm.EventCounter is deprecated. Please use org.apache.hadoop.log.metrics.EventCounter in all the log4j.properties files.
Logging initialized using configuration in file:/home/xiaoju/hive-0.10.0/conf/hive-log4j.properties
Hive history file=/tmp/xiaoju/hive_job_log_xiaoju_201404080001_1136184213.txt
SLF4J: Class path contains multiple SLF4J bindings.
SLF4J: Found binding in [jar:file:/home/xiaoju/hadoop-2.2.0/share/hadoop/common/lib/slf4j-log4j12-1.7.5.jar!/org/slf4j/impl/StaticLoggerBinder.class]
SLF4J: Found binding in [jar:file:/home/xiaoju/hive-0.10.0/lib/slf4j-log4j12-1.6.1.jar!/org/slf4j/impl/StaticLoggerBinder.class]
SLF4J: See http://www.slf4j.org/codes.html#multiple_bindings for an explanation.
SLF4J: Actual binding is of type [org.slf4j.impl.Log4jLoggerFactory]
OK
Time taken: 2.306 seconds
OK
Time taken: 2.619 seconds
hive -e use ods;alter table ods_log_trace add if not exists partition (year='2014',month='04',day='08') location '/user/xiaoju/data/bi/ods/trace/2014/04/08';
WARNING: org.apache.hadoop.metrics.jvm.EventCounter is deprecated. Please use org.apache.hadoop.log.metrics.EventCounter in all the log4j.properties files.
Logging initialized using configuration in file:/home/xiaoju/hive-0.10.0/conf/hive-log4j.properties
Hive history file=/tmp/xiaoju/hive_job_log_xiaoju_201404080001_321559618.txt
SLF4J: Class path contains multiple SLF4J bindings.
SLF4J: Found binding in [jar:file:/home/xiaoju/hadoop-2.2.0/share/hadoop/common/lib/slf4j-log4j12-1.7.5.jar!/org/slf4j/impl/StaticLoggerBinder.class]
SLF4J: Found binding in [jar:file:/home/xiaoju/hive-0.10.0/lib/slf4j-log4j12-1.6.1.jar!/org/slf4j/impl/StaticLoggerBinder.class]
SLF4J: See http://www.slf4j.org/codes.html#multiple_bindings for an explanation.
SLF4J: Actual binding is of type [org.slf4j.impl.Log4jLoggerFactory]
OK
Time taken: 2.317 seconds
OK
Time taken: 2.362 seconds
hive -e use ods;alter table ods_mysql_order add if not exists partition (year='2014',month='04',day='08') location '/user/xiaoju/data/bi/mysql/order/2014/04/08';
WARNING: org.apache.hadoop.metrics.jvm.EventCounter is deprecated. Please use org.apache.hadoop.log.metrics.EventCounter in all the log4j.properties files.
Logging initialized using configuration in file:/home/xiaoju/hive-0.10.0/conf/hive-log4j.properties
Hive history file=/tmp/xiaoju/hive_job_log_xiaoju_201404080001_1022104389.txt
SLF4J: Class path contains multiple SLF4J bindings.
SLF4J: Found binding in [jar:file:/home/xiaoju/hadoop-2.2.0/share/hadoop/common/lib/slf4j-log4j12-1.7.5.jar!/org/slf4j/impl/StaticLoggerBinder.class]
SLF4J: Found binding in [jar:file:/home/xiaoju/hive-0.10.0/lib/slf4j-log4j12-1.6.1.jar!/org/slf4j/impl/StaticLoggerBinder.class]
SLF4J: See http://www.slf4j.org/codes.html#multiple_bindings for an explanation.
SLF4J: Actual binding is of type [org.slf4j.impl.Log4jLoggerFactory]
OK
Time taken: 2.529 seconds
OK
Time taken: 1.642 seconds
