Warning: /usr/lib/hbase does not exist! HBase imports will fail.
Please set $HBASE_HOME to the root of your HBase installation.
Warning: /usr/lib/hcatalog does not exist! HCatalog jobs will fail.
Please set $HCAT_HOME to the root of your HCatalog installation.
14/04/08 02:30:40 WARN tool.BaseSqoopTool: Setting your password on the command-line is insecure. Consider using -P instead.
14/04/08 02:30:40 INFO manager.MySQLManager: Preparing to use a MySQL streaming resultset.
14/04/08 02:30:40 INFO tool.CodeGenTool: Beginning code generation
14/04/08 02:30:44 ERROR manager.SqlManager: Error executing statement: com.mysql.jdbc.exceptions.jdbc4.CommunicationsException: Communications link failure

The last packet sent successfully to the server was 0 milliseconds ago. The driver has not received any packets from the server.
com.mysql.jdbc.exceptions.jdbc4.CommunicationsException: Communications link failure

The last packet sent successfully to the server was 0 milliseconds ago. The driver has not received any packets from the server.
	at sun.reflect.NativeConstructorAccessorImpl.newInstance0(Native Method)
	at sun.reflect.NativeConstructorAccessorImpl.newInstance(NativeConstructorAccessorImpl.java:39)
	at sun.reflect.DelegatingConstructorAccessorImpl.newInstance(DelegatingConstructorAccessorImpl.java:27)
	at java.lang.reflect.Constructor.newInstance(Constructor.java:513)
	at com.mysql.jdbc.Util.handleNewInstance(Util.java:406)
	at com.mysql.jdbc.SQLError.createCommunicationsException(SQLError.java:1074)
	at com.mysql.jdbc.ConnectionImpl.createNewIO(ConnectionImpl.java:2214)
	at com.mysql.jdbc.ConnectionImpl.<init>(ConnectionImpl.java:781)
	at com.mysql.jdbc.JDBC4Connection.<init>(JDBC4Connection.java:46)
	at sun.reflect.NativeConstructorAccessorImpl.newInstance0(Native Method)
	at sun.reflect.NativeConstructorAccessorImpl.newInstance(NativeConstructorAccessorImpl.java:39)
	at sun.reflect.DelegatingConstructorAccessorImpl.newInstance(DelegatingConstructorAccessorImpl.java:27)
	at java.lang.reflect.Constructor.newInstance(Constructor.java:513)
	at com.mysql.jdbc.Util.handleNewInstance(Util.java:406)
	at com.mysql.jdbc.ConnectionImpl.getInstance(ConnectionImpl.java:352)
	at com.mysql.jdbc.NonRegisteringDriver.connect(NonRegisteringDriver.java:284)
	at java.sql.DriverManager.getConnection(DriverManager.java:582)
	at java.sql.DriverManager.getConnection(DriverManager.java:185)
	at org.apache.sqoop.manager.SqlManager.makeConnection(SqlManager.java:801)
	at org.apache.sqoop.manager.GenericJdbcManager.getConnection(GenericJdbcManager.java:52)
	at org.apache.sqoop.manager.SqlManager.execute(SqlManager.java:660)
	at org.apache.sqoop.manager.SqlManager.execute(SqlManager.java:683)
	at org.apache.sqoop.manager.SqlManager.getColumnTypesForRawQuery(SqlManager.java:240)
	at org.apache.sqoop.manager.SqlManager.getColumnTypesForQuery(SqlManager.java:230)
	at org.apache.sqoop.manager.ConnManager.getColumnTypes(ConnManager.java:356)
	at org.apache.sqoop.orm.ClassWriter.getColumnTypes(ClassWriter.java:1277)
	at org.apache.sqoop.orm.ClassWriter.generate(ClassWriter.java:1089)
	at org.apache.sqoop.tool.CodeGenTool.generateORM(CodeGenTool.java:96)
	at org.apache.sqoop.tool.ImportTool.importTable(ImportTool.java:396)
	at org.apache.sqoop.tool.ImportTool.run(ImportTool.java:502)
	at org.apache.sqoop.Sqoop.run(Sqoop.java:145)
	at org.apache.hadoop.util.ToolRunner.run(ToolRunner.java:70)
	at org.apache.sqoop.Sqoop.runSqoop(Sqoop.java:181)
	at org.apache.sqoop.Sqoop.runTool(Sqoop.java:220)
	at org.apache.sqoop.Sqoop.runTool(Sqoop.java:229)
	at org.apache.sqoop.Sqoop.main(Sqoop.java:238)
Caused by: com.mysql.jdbc.exceptions.jdbc4.CommunicationsException: Communications link failure

The last packet sent successfully to the server was 0 milliseconds ago. The driver has not received any packets from the server.
	at sun.reflect.NativeConstructorAccessorImpl.newInstance0(Native Method)
	at sun.reflect.NativeConstructorAccessorImpl.newInstance(NativeConstructorAccessorImpl.java:39)
	at sun.reflect.DelegatingConstructorAccessorImpl.newInstance(DelegatingConstructorAccessorImpl.java:27)
	at java.lang.reflect.Constructor.newInstance(Constructor.java:513)
	at com.mysql.jdbc.Util.handleNewInstance(Util.java:406)
	at com.mysql.jdbc.SQLError.createCommunicationsException(SQLError.java:1074)
	at com.mysql.jdbc.MysqlIO.<init>(MysqlIO.java:343)
	at com.mysql.jdbc.ConnectionImpl.createNewIO(ConnectionImpl.java:2137)
	... 29 more
Caused by: java.net.NoRouteToHostException: No route to host
	at java.net.PlainSocketImpl.socketConnect(Native Method)
	at java.net.PlainSocketImpl.doConnect(PlainSocketImpl.java:351)
	at java.net.PlainSocketImpl.connectToAddress(PlainSocketImpl.java:213)
	at java.net.PlainSocketImpl.connect(PlainSocketImpl.java:200)
	at java.net.SocksSocketImpl.connect(SocksSocketImpl.java:366)
	at java.net.Socket.connect(Socket.java:529)
	at java.net.Socket.connect(Socket.java:478)
	at java.net.Socket.<init>(Socket.java:375)
	at java.net.Socket.<init>(Socket.java:218)
	at com.mysql.jdbc.StandardSocketFactory.connect(StandardSocketFactory.java:253)
	at com.mysql.jdbc.MysqlIO.<init>(MysqlIO.java:292)
	... 30 more
14/04/08 02:30:44 ERROR tool.ImportTool: Encountered IOException running import job: java.io.IOException: No columns to generate for ClassWriter
	at org.apache.sqoop.orm.ClassWriter.generate(ClassWriter.java:1095)
	at org.apache.sqoop.tool.CodeGenTool.generateORM(CodeGenTool.java:96)
	at org.apache.sqoop.tool.ImportTool.importTable(ImportTool.java:396)
	at org.apache.sqoop.tool.ImportTool.run(ImportTool.java:502)
	at org.apache.sqoop.Sqoop.run(Sqoop.java:145)
	at org.apache.hadoop.util.ToolRunner.run(ToolRunner.java:70)
	at org.apache.sqoop.Sqoop.runSqoop(Sqoop.java:181)
	at org.apache.sqoop.Sqoop.runTool(Sqoop.java:220)
	at org.apache.sqoop.Sqoop.runTool(Sqoop.java:229)
	at org.apache.sqoop.Sqoop.main(Sqoop.java:238)

